<?xml version="1.0" encoding="UTF-8"?>
<coverage generated="1716950612609" clover="3.2.0">
  <project timestamp="1716950612610" name="All files">
    <metrics statements="745" coveredstatements="0" conditionals="355" coveredconditionals="0" methods="209" coveredmethods="0" elements="1309" coveredelements="0" complexity="0" loc="745" ncloc="745" packages="57" files="81" classes="81"/>
    <package name="dpd.stats">
      <metrics statements="20" coveredstatements="0" conditionals="8" coveredconditionals="0" methods="5" coveredmethods="0"/>
      <file name="App.tsx" path="/Users/vintvgx/Desktop/bandit.studios/studio.code/RN/dpd.stats/App.tsx">
        <metrics statements="16" coveredstatements="0" conditionals="8" coveredconditionals="0" methods="5" coveredmethods="0"/>
        <line num="22" count="0" type="stmt"/>
        <line num="23" count="0" type="stmt"/>
        <line num="30" count="0" type="stmt"/>
        <line num="36" count="0" type="stmt"/>
        <line num="37" count="0" type="stmt"/>
        <line num="38" count="0" type="stmt"/>
        <line num="40" count="0" type="stmt"/>
        <line num="42" count="0" type="cond" truecount="0" falsecount="2"/>
        <line num="43" count="0" type="cond" truecount="0" falsecount="2"/>
        <line num="45" count="0" type="stmt"/>
        <line num="46" count="0" type="stmt"/>
        <line num="50" count="0" type="stmt"/>
        <line num="53" count="0" type="cond" truecount="0" falsecount="2"/>
        <line num="54" count="0" type="stmt"/>
        <line num="73" count="0" type="stmt"/>
        <line num="85" count="0" type="stmt"/>
      </file>
      <file name="index.js" path="/Users/vintvgx/Desktop/bandit.studios/studio.code/RN/dpd.stats/index.js">
        <metrics statements="1" coveredstatements="0" conditionals="0" coveredconditionals="0" methods="0" coveredmethods="0"/>
        <line num="8" count="0" type="stmt"/>
      </file>
      <file name="metro.config.js" path="/Users/vintvgx/Desktop/bandit.studios/studio.code/RN/dpd.stats/metro.config.js">
        <metrics statements="3" coveredstatements="0" conditionals="0" coveredconditionals="0" methods="0" coveredmethods="0"/>
        <line num="1" count="0" type="stmt"/>
        <line num="4" count="0" type="stmt"/>
        <line num="6" count="0" type="stmt"/>
      </file>
    </package>
    <package name="dpd.stats..expo.metro">
      <metrics statements="2" coveredstatements="0" conditionals="2" coveredconditionals="0" methods="2" coveredmethods="0"/>
      <file name="polyfill.js" path="/Users/vintvgx/Desktop/bandit.studios/studio.code/RN/dpd.stats/.expo/metro/polyfill.js">
        <metrics statements="1" coveredstatements="0" conditionals="2" coveredconditionals="0" methods="1" coveredmethods="0"/>
        <line num="1" count="0" type="cond" truecount="0" falsecount="2"/>
      </file>
      <file name="polyfill.native.js" path="/Users/vintvgx/Desktop/bandit.studios/studio.code/RN/dpd.stats/.expo/metro/polyfill.native.js">
        <metrics statements="1" coveredstatements="0" conditionals="0" coveredconditionals="0" methods="1" coveredmethods="0"/>
        <line num="1" count="0" type="stmt"/>
      </file>
    </package>
    <package name="dpd.stats..expo.metro.externals.assert">
      <metrics statements="1" coveredstatements="0" conditionals="0" coveredconditionals="0" methods="0" coveredmethods="0"/>
      <file name="index.js" path="/Users/vintvgx/Desktop/bandit.studios/studio.code/RN/dpd.stats/.expo/metro/externals/assert/index.js">
        <metrics statements="1" coveredstatements="0" conditionals="0" coveredconditionals="0" methods="0" coveredmethods="0"/>
        <line num="1" count="0" type="stmt"/>
      </file>
    </package>
    <package name="dpd.stats..expo.metro.externals.async_hooks">
      <metrics statements="1" coveredstatements="0" conditionals="0" coveredconditionals="0" methods="0" coveredmethods="0"/>
      <file name="index.js" path="/Users/vintvgx/Desktop/bandit.studios/studio.code/RN/dpd.stats/.expo/metro/externals/async_hooks/index.js">
        <metrics statements="1" coveredstatements="0" conditionals="0" coveredconditionals="0" methods="0" coveredmethods="0"/>
        <line num="1" count="0" type="stmt"/>
      </file>
    </package>
    <package name="dpd.stats..expo.metro.externals.buffer">
      <metrics statements="1" coveredstatements="0" conditionals="0" coveredconditionals="0" methods="0" coveredmethods="0"/>
      <file name="index.js" path="/Users/vintvgx/Desktop/bandit.studios/studio.code/RN/dpd.stats/.expo/metro/externals/buffer/index.js">
        <metrics statements="1" coveredstatements="0" conditionals="0" coveredconditionals="0" methods="0" coveredmethods="0"/>
        <line num="1" count="0" type="stmt"/>
      </file>
    </package>
    <package name="dpd.stats..expo.metro.externals.child_process">
      <metrics statements="1" coveredstatements="0" conditionals="0" coveredconditionals="0" methods="0" coveredmethods="0"/>
      <file name="index.js" path="/Users/vintvgx/Desktop/bandit.studios/studio.code/RN/dpd.stats/.expo/metro/externals/child_process/index.js">
        <metrics statements="1" coveredstatements="0" conditionals="0" coveredconditionals="0" methods="0" coveredmethods="0"/>
        <line num="1" count="0" type="stmt"/>
      </file>
    </package>
    <package name="dpd.stats..expo.metro.externals.cluster">
      <metrics statements="1" coveredstatements="0" conditionals="0" coveredconditionals="0" methods="0" coveredmethods="0"/>
      <file name="index.js" path="/Users/vintvgx/Desktop/bandit.studios/studio.code/RN/dpd.stats/.expo/metro/externals/cluster/index.js">
        <metrics statements="1" coveredstatements="0" conditionals="0" coveredconditionals="0" methods="0" coveredmethods="0"/>
        <line num="1" count="0" type="stmt"/>
      </file>
    </package>
    <package name="dpd.stats..expo.metro.externals.console">
      <metrics statements="1" coveredstatements="0" conditionals="0" coveredconditionals="0" methods="0" coveredmethods="0"/>
      <file name="index.js" path="/Users/vintvgx/Desktop/bandit.studios/studio.code/RN/dpd.stats/.expo/metro/externals/console/index.js">
        <metrics statements="1" coveredstatements="0" conditionals="0" coveredconditionals="0" methods="0" coveredmethods="0"/>
        <line num="1" count="0" type="stmt"/>
      </file>
    </package>
    <package name="dpd.stats..expo.metro.externals.constants">
      <metrics statements="1" coveredstatements="0" conditionals="0" coveredconditionals="0" methods="0" coveredmethods="0"/>
      <file name="index.js" path="/Users/vintvgx/Desktop/bandit.studios/studio.code/RN/dpd.stats/.expo/metro/externals/constants/index.js">
        <metrics statements="1" coveredstatements="0" conditionals="0" coveredconditionals="0" methods="0" coveredmethods="0"/>
        <line num="1" count="0" type="stmt"/>
      </file>
    </package>
    <package name="dpd.stats..expo.metro.externals.crypto">
      <metrics statements="1" coveredstatements="0" conditionals="0" coveredconditionals="0" methods="0" coveredmethods="0"/>
      <file name="index.js" path="/Users/vintvgx/Desktop/bandit.studios/studio.code/RN/dpd.stats/.expo/metro/externals/crypto/index.js">
        <metrics statements="1" coveredstatements="0" conditionals="0" coveredconditionals="0" methods="0" coveredmethods="0"/>
        <line num="1" count="0" type="stmt"/>
      </file>
    </package>
    <package name="dpd.stats..expo.metro.externals.dgram">
      <metrics statements="1" coveredstatements="0" conditionals="0" coveredconditionals="0" methods="0" coveredmethods="0"/>
      <file name="index.js" path="/Users/vintvgx/Desktop/bandit.studios/studio.code/RN/dpd.stats/.expo/metro/externals/dgram/index.js">
        <metrics statements="1" coveredstatements="0" conditionals="0" coveredconditionals="0" methods="0" coveredmethods="0"/>
        <line num="1" count="0" type="stmt"/>
      </file>
    </package>
    <package name="dpd.stats..expo.metro.externals.diagnostics_channel">
      <metrics statements="1" coveredstatements="0" conditionals="0" coveredconditionals="0" methods="0" coveredmethods="0"/>
      <file name="index.js" path="/Users/vintvgx/Desktop/bandit.studios/studio.code/RN/dpd.stats/.expo/metro/externals/diagnostics_channel/index.js">
        <metrics statements="1" coveredstatements="0" conditionals="0" coveredconditionals="0" methods="0" coveredmethods="0"/>
        <line num="1" count="0" type="stmt"/>
      </file>
    </package>
    <package name="dpd.stats..expo.metro.externals.dns">
      <metrics statements="1" coveredstatements="0" conditionals="0" coveredconditionals="0" methods="0" coveredmethods="0"/>
      <file name="index.js" path="/Users/vintvgx/Desktop/bandit.studios/studio.code/RN/dpd.stats/.expo/metro/externals/dns/index.js">
        <metrics statements="1" coveredstatements="0" conditionals="0" coveredconditionals="0" methods="0" coveredmethods="0"/>
        <line num="1" count="0" type="stmt"/>
      </file>
    </package>
    <package name="dpd.stats..expo.metro.externals.domain">
      <metrics statements="1" coveredstatements="0" conditionals="0" coveredconditionals="0" methods="0" coveredmethods="0"/>
      <file name="index.js" path="/Users/vintvgx/Desktop/bandit.studios/studio.code/RN/dpd.stats/.expo/metro/externals/domain/index.js">
        <metrics statements="1" coveredstatements="0" conditionals="0" coveredconditionals="0" methods="0" coveredmethods="0"/>
        <line num="1" count="0" type="stmt"/>
      </file>
    </package>
    <package name="dpd.stats..expo.metro.externals.events">
      <metrics statements="1" coveredstatements="0" conditionals="0" coveredconditionals="0" methods="0" coveredmethods="0"/>
      <file name="index.js" path="/Users/vintvgx/Desktop/bandit.studios/studio.code/RN/dpd.stats/.expo/metro/externals/events/index.js">
        <metrics statements="1" coveredstatements="0" conditionals="0" coveredconditionals="0" methods="0" coveredmethods="0"/>
        <line num="1" count="0" type="stmt"/>
      </file>
    </package>
    <package name="dpd.stats..expo.metro.externals.fs">
      <metrics statements="1" coveredstatements="0" conditionals="0" coveredconditionals="0" methods="0" coveredmethods="0"/>
      <file name="index.js" path="/Users/vintvgx/Desktop/bandit.studios/studio.code/RN/dpd.stats/.expo/metro/externals/fs/index.js">
        <metrics statements="1" coveredstatements="0" conditionals="0" coveredconditionals="0" methods="0" coveredmethods="0"/>
        <line num="1" count="0" type="stmt"/>
      </file>
    </package>
    <package name="dpd.stats..expo.metro.externals.fs.promises">
      <metrics statements="1" coveredstatements="0" conditionals="0" coveredconditionals="0" methods="0" coveredmethods="0"/>
      <file name="index.js" path="/Users/vintvgx/Desktop/bandit.studios/studio.code/RN/dpd.stats/.expo/metro/externals/fs/promises/index.js">
        <metrics statements="1" coveredstatements="0" conditionals="0" coveredconditionals="0" methods="0" coveredmethods="0"/>
        <line num="1" count="0" type="stmt"/>
      </file>
    </package>
    <package name="dpd.stats..expo.metro.externals.http">
      <metrics statements="1" coveredstatements="0" conditionals="0" coveredconditionals="0" methods="0" coveredmethods="0"/>
      <file name="index.js" path="/Users/vintvgx/Desktop/bandit.studios/studio.code/RN/dpd.stats/.expo/metro/externals/http/index.js">
        <metrics statements="1" coveredstatements="0" conditionals="0" coveredconditionals="0" methods="0" coveredmethods="0"/>
        <line num="1" count="0" type="stmt"/>
      </file>
    </package>
    <package name="dpd.stats..expo.metro.externals.http2">
      <metrics statements="1" coveredstatements="0" conditionals="0" coveredconditionals="0" methods="0" coveredmethods="0"/>
      <file name="index.js" path="/Users/vintvgx/Desktop/bandit.studios/studio.code/RN/dpd.stats/.expo/metro/externals/http2/index.js">
        <metrics statements="1" coveredstatements="0" conditionals="0" coveredconditionals="0" methods="0" coveredmethods="0"/>
        <line num="1" count="0" type="stmt"/>
      </file>
    </package>
    <package name="dpd.stats..expo.metro.externals.https">
      <metrics statements="1" coveredstatements="0" conditionals="0" coveredconditionals="0" methods="0" coveredmethods="0"/>
      <file name="index.js" path="/Users/vintvgx/Desktop/bandit.studios/studio.code/RN/dpd.stats/.expo/metro/externals/https/index.js">
        <metrics statements="1" coveredstatements="0" conditionals="0" coveredconditionals="0" methods="0" coveredmethods="0"/>
        <line num="1" count="0" type="stmt"/>
      </file>
    </package>
    <package name="dpd.stats..expo.metro.externals.inspector">
      <metrics statements="1" coveredstatements="0" conditionals="0" coveredconditionals="0" methods="0" coveredmethods="0"/>
      <file name="index.js" path="/Users/vintvgx/Desktop/bandit.studios/studio.code/RN/dpd.stats/.expo/metro/externals/inspector/index.js">
        <metrics statements="1" coveredstatements="0" conditionals="0" coveredconditionals="0" methods="0" coveredmethods="0"/>
        <line num="1" count="0" type="stmt"/>
      </file>
    </package>
    <package name="dpd.stats..expo.metro.externals.module">
      <metrics statements="1" coveredstatements="0" conditionals="0" coveredconditionals="0" methods="0" coveredmethods="0"/>
      <file name="index.js" path="/Users/vintvgx/Desktop/bandit.studios/studio.code/RN/dpd.stats/.expo/metro/externals/module/index.js">
        <metrics statements="1" coveredstatements="0" conditionals="0" coveredconditionals="0" methods="0" coveredmethods="0"/>
        <line num="1" count="0" type="stmt"/>
      </file>
    </package>
    <package name="dpd.stats..expo.metro.externals.net">
      <metrics statements="1" coveredstatements="0" conditionals="0" coveredconditionals="0" methods="0" coveredmethods="0"/>
      <file name="index.js" path="/Users/vintvgx/Desktop/bandit.studios/studio.code/RN/dpd.stats/.expo/metro/externals/net/index.js">
        <metrics statements="1" coveredstatements="0" conditionals="0" coveredconditionals="0" methods="0" coveredmethods="0"/>
        <line num="1" count="0" type="stmt"/>
      </file>
    </package>
    <package name="dpd.stats..expo.metro.externals.os">
      <metrics statements="1" coveredstatements="0" conditionals="0" coveredconditionals="0" methods="0" coveredmethods="0"/>
      <file name="index.js" path="/Users/vintvgx/Desktop/bandit.studios/studio.code/RN/dpd.stats/.expo/metro/externals/os/index.js">
        <metrics statements="1" coveredstatements="0" conditionals="0" coveredconditionals="0" methods="0" coveredmethods="0"/>
        <line num="1" count="0" type="stmt"/>
      </file>
    </package>
    <package name="dpd.stats..expo.metro.externals.path">
      <metrics statements="1" coveredstatements="0" conditionals="0" coveredconditionals="0" methods="0" coveredmethods="0"/>
      <file name="index.js" path="/Users/vintvgx/Desktop/bandit.studios/studio.code/RN/dpd.stats/.expo/metro/externals/path/index.js">
        <metrics statements="1" coveredstatements="0" conditionals="0" coveredconditionals="0" methods="0" coveredmethods="0"/>
        <line num="1" count="0" type="stmt"/>
      </file>
    </package>
    <package name="dpd.stats..expo.metro.externals.perf_hooks">
      <metrics statements="1" coveredstatements="0" conditionals="0" coveredconditionals="0" methods="0" coveredmethods="0"/>
      <file name="index.js" path="/Users/vintvgx/Desktop/bandit.studios/studio.code/RN/dpd.stats/.expo/metro/externals/perf_hooks/index.js">
        <metrics statements="1" coveredstatements="0" conditionals="0" coveredconditionals="0" methods="0" coveredmethods="0"/>
        <line num="1" count="0" type="stmt"/>
      </file>
    </package>
    <package name="dpd.stats..expo.metro.externals.process">
      <metrics statements="1" coveredstatements="0" conditionals="0" coveredconditionals="0" methods="0" coveredmethods="0"/>
      <file name="index.js" path="/Users/vintvgx/Desktop/bandit.studios/studio.code/RN/dpd.stats/.expo/metro/externals/process/index.js">
        <metrics statements="1" coveredstatements="0" conditionals="0" coveredconditionals="0" methods="0" coveredmethods="0"/>
        <line num="1" count="0" type="stmt"/>
      </file>
    </package>
    <package name="dpd.stats..expo.metro.externals.punycode">
      <metrics statements="1" coveredstatements="0" conditionals="0" coveredconditionals="0" methods="0" coveredmethods="0"/>
      <file name="index.js" path="/Users/vintvgx/Desktop/bandit.studios/studio.code/RN/dpd.stats/.expo/metro/externals/punycode/index.js">
        <metrics statements="1" coveredstatements="0" conditionals="0" coveredconditionals="0" methods="0" coveredmethods="0"/>
        <line num="1" count="0" type="stmt"/>
      </file>
    </package>
    <package name="dpd.stats..expo.metro.externals.querystring">
      <metrics statements="1" coveredstatements="0" conditionals="0" coveredconditionals="0" methods="0" coveredmethods="0"/>
      <file name="index.js" path="/Users/vintvgx/Desktop/bandit.studios/studio.code/RN/dpd.stats/.expo/metro/externals/querystring/index.js">
        <metrics statements="1" coveredstatements="0" conditionals="0" coveredconditionals="0" methods="0" coveredmethods="0"/>
        <line num="1" count="0" type="stmt"/>
      </file>
    </package>
    <package name="dpd.stats..expo.metro.externals.readline">
      <metrics statements="1" coveredstatements="0" conditionals="0" coveredconditionals="0" methods="0" coveredmethods="0"/>
      <file name="index.js" path="/Users/vintvgx/Desktop/bandit.studios/studio.code/RN/dpd.stats/.expo/metro/externals/readline/index.js">
        <metrics statements="1" coveredstatements="0" conditionals="0" coveredconditionals="0" methods="0" coveredmethods="0"/>
        <line num="1" count="0" type="stmt"/>
      </file>
    </package>
    <package name="dpd.stats..expo.metro.externals.repl">
      <metrics statements="1" coveredstatements="0" conditionals="0" coveredconditionals="0" methods="0" coveredmethods="0"/>
      <file name="index.js" path="/Users/vintvgx/Desktop/bandit.studios/studio.code/RN/dpd.stats/.expo/metro/externals/repl/index.js">
        <metrics statements="1" coveredstatements="0" conditionals="0" coveredconditionals="0" methods="0" coveredmethods="0"/>
        <line num="1" count="0" type="stmt"/>
      </file>
    </package>
    <package name="dpd.stats..expo.metro.externals.stream">
      <metrics statements="1" coveredstatements="0" conditionals="0" coveredconditionals="0" methods="0" coveredmethods="0"/>
      <file name="index.js" path="/Users/vintvgx/Desktop/bandit.studios/studio.code/RN/dpd.stats/.expo/metro/externals/stream/index.js">
        <metrics statements="1" coveredstatements="0" conditionals="0" coveredconditionals="0" methods="0" coveredmethods="0"/>
        <line num="1" count="0" type="stmt"/>
      </file>
    </package>
    <package name="dpd.stats..expo.metro.externals.string_decoder">
      <metrics statements="1" coveredstatements="0" conditionals="0" coveredconditionals="0" methods="0" coveredmethods="0"/>
      <file name="index.js" path="/Users/vintvgx/Desktop/bandit.studios/studio.code/RN/dpd.stats/.expo/metro/externals/string_decoder/index.js">
        <metrics statements="1" coveredstatements="0" conditionals="0" coveredconditionals="0" methods="0" coveredmethods="0"/>
        <line num="1" count="0" type="stmt"/>
      </file>
    </package>
    <package name="dpd.stats..expo.metro.externals.timers">
      <metrics statements="1" coveredstatements="0" conditionals="0" coveredconditionals="0" methods="0" coveredmethods="0"/>
      <file name="index.js" path="/Users/vintvgx/Desktop/bandit.studios/studio.code/RN/dpd.stats/.expo/metro/externals/timers/index.js">
        <metrics statements="1" coveredstatements="0" conditionals="0" coveredconditionals="0" methods="0" coveredmethods="0"/>
        <line num="1" count="0" type="stmt"/>
      </file>
    </package>
    <package name="dpd.stats..expo.metro.externals.tls">
      <metrics statements="1" coveredstatements="0" conditionals="0" coveredconditionals="0" methods="0" coveredmethods="0"/>
      <file name="index.js" path="/Users/vintvgx/Desktop/bandit.studios/studio.code/RN/dpd.stats/.expo/metro/externals/tls/index.js">
        <metrics statements="1" coveredstatements="0" conditionals="0" coveredconditionals="0" methods="0" coveredmethods="0"/>
        <line num="1" count="0" type="stmt"/>
      </file>
    </package>
    <package name="dpd.stats..expo.metro.externals.trace_events">
      <metrics statements="1" coveredstatements="0" conditionals="0" coveredconditionals="0" methods="0" coveredmethods="0"/>
      <file name="index.js" path="/Users/vintvgx/Desktop/bandit.studios/studio.code/RN/dpd.stats/.expo/metro/externals/trace_events/index.js">
        <metrics statements="1" coveredstatements="0" conditionals="0" coveredconditionals="0" methods="0" coveredmethods="0"/>
        <line num="1" count="0" type="stmt"/>
      </file>
    </package>
    <package name="dpd.stats..expo.metro.externals.tty">
      <metrics statements="1" coveredstatements="0" conditionals="0" coveredconditionals="0" methods="0" coveredmethods="0"/>
      <file name="index.js" path="/Users/vintvgx/Desktop/bandit.studios/studio.code/RN/dpd.stats/.expo/metro/externals/tty/index.js">
        <metrics statements="1" coveredstatements="0" conditionals="0" coveredconditionals="0" methods="0" coveredmethods="0"/>
        <line num="1" count="0" type="stmt"/>
      </file>
    </package>
    <package name="dpd.stats..expo.metro.externals.url">
      <metrics statements="1" coveredstatements="0" conditionals="0" coveredconditionals="0" methods="0" coveredmethods="0"/>
      <file name="index.js" path="/Users/vintvgx/Desktop/bandit.studios/studio.code/RN/dpd.stats/.expo/metro/externals/url/index.js">
        <metrics statements="1" coveredstatements="0" conditionals="0" coveredconditionals="0" methods="0" coveredmethods="0"/>
        <line num="1" count="0" type="stmt"/>
      </file>
    </package>
    <package name="dpd.stats..expo.metro.externals.util">
      <metrics statements="1" coveredstatements="0" conditionals="0" coveredconditionals="0" methods="0" coveredmethods="0"/>
      <file name="index.js" path="/Users/vintvgx/Desktop/bandit.studios/studio.code/RN/dpd.stats/.expo/metro/externals/util/index.js">
        <metrics statements="1" coveredstatements="0" conditionals="0" coveredconditionals="0" methods="0" coveredmethods="0"/>
        <line num="1" count="0" type="stmt"/>
      </file>
    </package>
    <package name="dpd.stats..expo.metro.externals.v8">
      <metrics statements="1" coveredstatements="0" conditionals="0" coveredconditionals="0" methods="0" coveredmethods="0"/>
      <file name="index.js" path="/Users/vintvgx/Desktop/bandit.studios/studio.code/RN/dpd.stats/.expo/metro/externals/v8/index.js">
        <metrics statements="1" coveredstatements="0" conditionals="0" coveredconditionals="0" methods="0" coveredmethods="0"/>
        <line num="1" count="0" type="stmt"/>
      </file>
    </package>
    <package name="dpd.stats..expo.metro.externals.vm">
      <metrics statements="1" coveredstatements="0" conditionals="0" coveredconditionals="0" methods="0" coveredmethods="0"/>
      <file name="index.js" path="/Users/vintvgx/Desktop/bandit.studios/studio.code/RN/dpd.stats/.expo/metro/externals/vm/index.js">
        <metrics statements="1" coveredstatements="0" conditionals="0" coveredconditionals="0" methods="0" coveredmethods="0"/>
        <line num="1" count="0" type="stmt"/>
      </file>
    </package>
    <package name="dpd.stats..expo.metro.externals.wasi">
      <metrics statements="1" coveredstatements="0" conditionals="0" coveredconditionals="0" methods="0" coveredmethods="0"/>
      <file name="index.js" path="/Users/vintvgx/Desktop/bandit.studios/studio.code/RN/dpd.stats/.expo/metro/externals/wasi/index.js">
        <metrics statements="1" coveredstatements="0" conditionals="0" coveredconditionals="0" methods="0" coveredmethods="0"/>
        <line num="1" count="0" type="stmt"/>
      </file>
    </package>
    <package name="dpd.stats..expo.metro.externals.worker_threads">
      <metrics statements="1" coveredstatements="0" conditionals="0" coveredconditionals="0" methods="0" coveredmethods="0"/>
      <file name="index.js" path="/Users/vintvgx/Desktop/bandit.studios/studio.code/RN/dpd.stats/.expo/metro/externals/worker_threads/index.js">
        <metrics statements="1" coveredstatements="0" conditionals="0" coveredconditionals="0" methods="0" coveredmethods="0"/>
        <line num="1" count="0" type="stmt"/>
      </file>
    </package>
    <package name="dpd.stats..expo.metro.externals.zlib">
      <metrics statements="1" coveredstatements="0" conditionals="0" coveredconditionals="0" methods="0" coveredmethods="0"/>
      <file name="index.js" path="/Users/vintvgx/Desktop/bandit.studios/studio.code/RN/dpd.stats/.expo/metro/externals/zlib/index.js">
        <metrics statements="1" coveredstatements="0" conditionals="0" coveredconditionals="0" methods="0" coveredmethods="0"/>
        <line num="1" count="0" type="stmt"/>
      </file>
    </package>
    <package name="dpd.stats..expo.metro.shims.react-native-web.dist.cjs.exports.AppRegistry">
      <metrics statements="5" coveredstatements="0" conditionals="2" coveredconditionals="0" methods="1" coveredmethods="0"/>
      <file name="AppContainer.js" path="/Users/vintvgx/Desktop/bandit.studios/studio.code/RN/dpd.stats/.expo/metro/shims/react-native-web/dist/cjs/exports/AppRegistry/AppContainer.js">
        <metrics statements="5" coveredstatements="0" conditionals="2" coveredconditionals="0" methods="1" coveredmethods="0"/>
        <line num="5" count="0" type="stmt"/>
        <line num="8" count="0" type="cond" truecount="0" falsecount="2"/>
        <line num="9" count="0" type="stmt"/>
        <line num="12" count="0" type="stmt"/>
        <line num="13" count="0" type="stmt"/>
      </file>
    </package>
    <package name="dpd.stats..expo.metro.shims.react-native-web.dist.cjs.exports.BackHandler">
      <metrics statements="5" coveredstatements="0" conditionals="0" coveredconditionals="0" methods="2" coveredmethods="0"/>
      <file name="index.js" path="/Users/vintvgx/Desktop/bandit.studios/studio.code/RN/dpd.stats/.expo/metro/shims/react-native-web/dist/cjs/exports/BackHandler/index.js">
        <metrics statements="5" coveredstatements="0" conditionals="0" coveredconditionals="0" methods="2" coveredmethods="0"/>
        <line num="3" count="0" type="stmt"/>
        <line num="4" count="0" type="stmt"/>
        <line num="6" count="0" type="stmt"/>
        <line num="9" count="0" type="stmt"/>
        <line num="10" count="0" type="stmt"/>
      </file>
    </package>
    <package name="dpd.stats..expo.metro.shims.react-native-web.dist.exports.AppRegistry">
      <metrics statements="3" coveredstatements="0" conditionals="2" coveredconditionals="0" methods="1" coveredmethods="0"/>
      <file name="AppContainer.js" path="/Users/vintvgx/Desktop/bandit.studios/studio.code/RN/dpd.stats/.expo/metro/shims/react-native-web/dist/exports/AppRegistry/AppContainer.js">
        <metrics statements="3" coveredstatements="0" conditionals="2" coveredconditionals="0" methods="1" coveredmethods="0"/>
        <line num="5" count="0" type="stmt"/>
        <line num="8" count="0" type="cond" truecount="0" falsecount="2"/>
        <line num="9" count="0" type="stmt"/>
      </file>
    </package>
    <package name="dpd.stats..expo.metro.shims.react-native-web.dist.exports.BackHandler">
      <metrics statements="2" coveredstatements="0" conditionals="0" coveredconditionals="0" methods="2" coveredmethods="0"/>
      <file name="index.js" path="/Users/vintvgx/Desktop/bandit.studios/studio.code/RN/dpd.stats/.expo/metro/shims/react-native-web/dist/exports/BackHandler/index.js">
        <metrics statements="2" coveredstatements="0" conditionals="0" coveredconditionals="0" methods="2" coveredmethods="0"/>
        <line num="2" count="0" type="stmt"/>
        <line num="4" count="0" type="stmt"/>
      </file>
    </package>
    <package name="dpd.stats.functions">
      <metrics statements="69" coveredstatements="0" conditionals="18" coveredconditionals="0" methods="13" coveredmethods="0"/>
      <file name="index.js" path="/Users/vintvgx/Desktop/bandit.studios/studio.code/RN/dpd.stats/functions/index.js">
        <metrics statements="69" coveredstatements="0" conditionals="18" coveredconditionals="0" methods="13" coveredmethods="0"/>
        <line num="1" count="0" type="stmt"/>
        <line num="2" count="0" type="stmt"/>
        <line num="3" count="0" type="stmt"/>
        <line num="4" count="0" type="stmt"/>
        <line num="6" count="0" type="stmt"/>
        <line num="7" count="0" type="stmt"/>
        <line num="8" count="0" type="stmt"/>
        <line num="13" count="0" type="stmt"/>
        <line num="15" count="0" type="stmt"/>
        <line num="16" count="0" type="stmt"/>
        <line num="21" count="0" type="cond" truecount="0" falsecount="2"/>
        <line num="24" count="0" type="stmt"/>
        <line num="37" count="0" type="stmt"/>
        <line num="39" count="0" type="stmt"/>
        <line num="59" count="0" type="stmt"/>
        <line num="60" count="0" type="stmt"/>
        <line num="65" count="0" type="stmt"/>
        <line num="66" count="0" type="stmt"/>
        <line num="68" count="0" type="stmt"/>
        <line num="72" count="0" type="stmt"/>
        <line num="73" count="0" type="stmt"/>
        <line num="79" count="0" type="cond" truecount="0" falsecount="2"/>
        <line num="80" count="0" type="stmt"/>
        <line num="81" count="0" type="stmt"/>
        <line num="83" count="0" type="stmt"/>
        <line num="86" count="0" type="stmt"/>
        <line num="87" count="0" type="stmt"/>
        <line num="92" count="0" type="stmt"/>
        <line num="94" count="0" type="stmt"/>
        <line num="96" count="0" type="stmt"/>
        <line num="98" count="0" type="stmt"/>
        <line num="104" count="0" type="stmt"/>
        <line num="106" count="0" type="stmt"/>
        <line num="107" count="0" type="stmt"/>
        <line num="118" count="0" type="stmt"/>
        <line num="119" count="0" type="stmt"/>
        <line num="121" count="0" type="stmt"/>
        <line num="125" count="0" type="stmt"/>
        <line num="126" count="0" type="stmt"/>
        <line num="127" count="0" type="stmt"/>
        <line num="135" count="0" type="stmt"/>
        <line num="137" count="0" type="stmt"/>
        <line num="138" count="0" type="stmt"/>
        <line num="142" count="0" type="stmt"/>
        <line num="143" count="0" type="stmt"/>
        <line num="145" count="0" type="stmt"/>
        <line num="146" count="0" type="stmt"/>
        <line num="152" count="0" type="stmt"/>
        <line num="155" count="0" type="stmt"/>
        <line num="156" count="0" type="stmt"/>
        <line num="165" count="0" type="stmt"/>
        <line num="166" count="0" type="stmt"/>
        <line num="168" count="0" type="stmt"/>
        <line num="172" count="0" type="stmt"/>
        <line num="174" count="0" type="stmt"/>
        <line num="178" count="0" type="stmt"/>
        <line num="180" count="0" type="stmt"/>
        <line num="184" count="0" type="stmt"/>
        <line num="185" count="0" type="stmt"/>
        <line num="186" count="0" type="stmt"/>
        <line num="188" count="0" type="stmt"/>
        <line num="189" count="0" type="stmt"/>
        <line num="191" count="0" type="cond" truecount="0" falsecount="2"/>
        <line num="192" count="0" type="cond" truecount="0" falsecount="2"/>
        <line num="194" count="0" type="stmt"/>
        <line num="195" count="0" type="cond" truecount="0" falsecount="2"/>
        <line num="197" count="0" type="stmt"/>
        <line num="202" count="0" type="stmt"/>
        <line num="203" count="0" type="stmt"/>
      </file>
    </package>
    <package name="dpd.stats.src.components">
      <metrics statements="246" coveredstatements="0" conditionals="197" coveredconditionals="0" methods="79" coveredmethods="0"/>
      <file name="EventInformation.tsx" path="/Users/vintvgx/Desktop/bandit.studios/studio.code/RN/dpd.stats/src/components/EventInformation.tsx">
        <metrics statements="6" coveredstatements="0" conditionals="0" coveredconditionals="0" methods="4" coveredmethods="0"/>
        <line num="19" count="0" type="stmt"/>
        <line num="29" count="0" type="stmt"/>
        <line num="35" count="0" type="stmt"/>
        <line num="36" count="0" type="stmt"/>
        <line num="52" count="0" type="stmt"/>
        <line num="69" count="0" type="stmt"/>
      </file>
      <file name="EventViewer.tsx" path="/Users/vintvgx/Desktop/bandit.studios/studio.code/RN/dpd.stats/src/components/EventViewer.tsx">
        <metrics statements="45" coveredstatements="0" conditionals="53" coveredconditionals="0" methods="14" coveredmethods="0"/>
        <line num="36" count="0" type="stmt"/>
        <line num="41" count="0" type="stmt"/>
        <line num="43" count="0" type="stmt"/>
        <line num="44" count="0" type="stmt"/>
        <line num="45" count="0" type="stmt"/>
        <line num="46" count="0" type="stmt"/>
        <line num="47" count="0" type="stmt"/>
        <line num="48" count="0" type="stmt"/>
        <line num="50" count="0" type="stmt"/>
        <line num="51" count="0" type="cond" truecount="0" falsecount="2"/>
        <line num="52" count="0" type="stmt"/>
        <line num="53" count="0" type="stmt"/>
        <line num="54" count="0" type="stmt"/>
        <line num="60" count="0" type="stmt"/>
        <line num="62" count="0" type="stmt"/>
        <line num="67" count="0" type="stmt"/>
        <line num="72" count="0" type="stmt"/>
        <line num="73" count="0" type="stmt"/>
        <line num="76" count="0" type="stmt"/>
        <line num="77" count="0" type="stmt"/>
        <line num="78" count="0" type="stmt"/>
        <line num="79" count="0" type="stmt"/>
        <line num="81" count="0" type="cond" truecount="0" falsecount="4"/>
        <line num="82" count="0" type="stmt"/>
        <line num="85" count="0" type="stmt"/>
        <line num="92" count="0" type="stmt"/>
        <line num="94" count="0" type="stmt"/>
        <line num="97" count="0" type="stmt"/>
        <line num="99" count="0" type="stmt"/>
        <line num="101" count="0" type="stmt"/>
        <line num="105" count="0" type="stmt"/>
        <line num="118" count="0" type="stmt"/>
        <line num="119" count="0" type="stmt"/>
        <line num="120" count="0" type="stmt"/>
        <line num="123" count="0" type="stmt"/>
        <line num="124" count="0" type="stmt"/>
        <line num="131" count="0" type="stmt"/>
        <line num="144" count="0" type="stmt"/>
        <line num="155" count="0" type="stmt"/>
        <line num="156" count="0" type="stmt"/>
        <line num="182" count="0" type="stmt"/>
        <line num="200" count="0" type="stmt"/>
        <line num="202" count="0" type="stmt"/>
        <line num="269" count="0" type="stmt"/>
        <line num="270" count="0" type="stmt"/>
      </file>
      <file name="Header.tsx" path="/Users/vintvgx/Desktop/bandit.studios/studio.code/RN/dpd.stats/src/components/Header.tsx">
        <metrics statements="9" coveredstatements="0" conditionals="4" coveredconditionals="0" methods="2" coveredmethods="0"/>
        <line num="14" count="0" type="stmt"/>
        <line num="15" count="0" type="stmt"/>
        <line num="18" count="0" type="stmt"/>
        <line num="19" count="0" type="cond" truecount="0" falsecount="2"/>
        <line num="20" count="0" type="cond" truecount="0" falsecount="2"/>
        <line num="22" count="0" type="stmt"/>
        <line num="23" count="0" type="stmt"/>
        <line num="30" count="0" type="stmt"/>
        <line num="43" count="0" type="stmt"/>
      </file>
      <file name="IssueCard.tsx" path="/Users/vintvgx/Desktop/bandit.studios/studio.code/RN/dpd.stats/src/components/IssueCard.tsx">
        <metrics statements="7" coveredstatements="0" conditionals="12" coveredconditionals="0" methods="1" coveredmethods="0"/>
        <line num="17" count="0" type="stmt"/>
        <line num="19" count="0" type="stmt"/>
        <line num="20" count="0" type="cond" truecount="0" falsecount="2"/>
        <line num="23" count="0" type="stmt"/>
        <line num="29" count="0" type="cond" truecount="0" falsecount="2"/>
        <line num="31" count="0" type="stmt"/>
        <line num="56" count="0" type="stmt"/>
      </file>
      <file name="MapViewModal.tsx" path="/Users/vintvgx/Desktop/bandit.studios/studio.code/RN/dpd.stats/src/components/MapViewModal.tsx">
        <metrics statements="5" coveredstatements="0" conditionals="4" coveredconditionals="0" methods="2" coveredmethods="0"/>
        <line num="20" count="0" type="stmt"/>
        <line num="25" count="0" type="cond" truecount="0" falsecount="2"/>
        <line num="27" count="0" type="stmt"/>
        <line num="41" count="0" type="stmt"/>
        <line num="57" count="0" type="stmt"/>
      </file>
      <file name="ProjectCard.tsx" path="/Users/vintvgx/Desktop/bandit.studios/studio.code/RN/dpd.stats/src/components/ProjectCard.tsx">
        <metrics statements="8" coveredstatements="0" conditionals="18" coveredconditionals="0" methods="2" coveredmethods="0"/>
        <line num="19" count="0" type="stmt"/>
        <line num="20" count="0" type="stmt"/>
        <line num="23" count="0" type="stmt"/>
        <line num="40" count="0" type="stmt"/>
        <line num="46" count="0" type="stmt"/>
        <line num="52" count="0" type="cond" truecount="0" falsecount="2"/>
        <line num="54" count="0" type="stmt"/>
        <line num="93" count="0" type="stmt"/>
      </file>
      <file name="ProjectOptionModal.tsx" path="/Users/vintvgx/Desktop/bandit.studios/studio.code/RN/dpd.stats/src/components/ProjectOptionModal.tsx">
        <metrics statements="3" coveredstatements="0" conditionals="0" coveredconditionals="0" methods="1" coveredmethods="0"/>
        <line num="13" count="0" type="stmt"/>
        <line num="20" count="0" type="stmt"/>
        <line num="42" count="0" type="stmt"/>
      </file>
      <file name="ProjectPieChart.tsx" path="/Users/vintvgx/Desktop/bandit.studios/studio.code/RN/dpd.stats/src/components/ProjectPieChart.tsx">
        <metrics statements="5" coveredstatements="0" conditionals="1" coveredconditionals="0" methods="2" coveredmethods="0"/>
        <line num="6" count="0" type="stmt"/>
        <line num="14" count="0" type="stmt"/>
        <line num="19" count="0" type="stmt"/>
        <line num="43" count="0" type="stmt"/>
        <line num="52" count="0" type="cond" truecount="0" falsecount="1"/>
      </file>
      <file name="PulseLight.tsx" path="/Users/vintvgx/Desktop/bandit.studios/studio.code/RN/dpd.stats/src/components/PulseLight.tsx">
        <metrics statements="6" coveredstatements="0" conditionals="0" coveredconditionals="0" methods="2" coveredmethods="0"/>
        <line num="6" count="0" type="stmt"/>
        <line num="7" count="0" type="stmt"/>
        <line num="9" count="0" type="stmt"/>
        <line num="10" count="0" type="stmt"/>
        <line num="26" count="0" type="stmt"/>
        <line num="40" count="0" type="stmt"/>
      </file>
      <file name="SentryCard.tsx" path="/Users/vintvgx/Desktop/bandit.studios/studio.code/RN/dpd.stats/src/components/SentryCard.tsx">
        <metrics statements="19" coveredstatements="0" conditionals="18" coveredconditionals="0" methods="5" coveredmethods="0"/>
        <line num="23" count="0" type="stmt"/>
        <line num="25" count="0" type="stmt"/>
        <line num="26" count="0" type="cond" truecount="0" falsecount="2"/>
        <line num="27" count="0" type="stmt"/>
        <line num="28" count="0" type="stmt"/>
        <line num="29" count="0" type="stmt"/>
        <line num="31" count="0" type="stmt"/>
        <line num="36" count="0" type="stmt"/>
        <line num="42" count="0" type="cond" truecount="0" falsecount="2"/>
        <line num="44" count="0" type="stmt"/>
        <line num="45" count="0" type="stmt"/>
        <line num="56" count="0" type="stmt"/>
        <line num="57" count="0" type="stmt"/>
        <line num="63" count="0" type="cond" truecount="0" falsecount="2"/>
        <line num="65" count="0" type="stmt"/>
        <line num="70" count="0" type="stmt"/>
        <line num="74" count="0" type="stmt"/>
        <line num="109" count="0" type="stmt"/>
        <line num="153" count="0" type="stmt"/>
      </file>
      <file name="SentryCardSkeleton.tsx" path="/Users/vintvgx/Desktop/bandit.studios/studio.code/RN/dpd.stats/src/components/SentryCardSkeleton.tsx">
        <metrics statements="3" coveredstatements="0" conditionals="0" coveredconditionals="0" methods="1" coveredmethods="0"/>
        <line num="5" count="0" type="stmt"/>
        <line num="6" count="0" type="stmt"/>
        <line num="52" count="0" type="stmt"/>
      </file>
      <file name="SentryDataFooter.tsx" path="/Users/vintvgx/Desktop/bandit.studios/studio.code/RN/dpd.stats/src/components/SentryDataFooter.tsx">
        <metrics statements="9" coveredstatements="0" conditionals="8" coveredconditionals="0" methods="3" coveredmethods="0"/>
        <line num="10" count="0" type="stmt"/>
        <line num="11" count="0" type="stmt"/>
        <line num="12" count="0" type="stmt"/>
        <line num="14" count="0" type="stmt"/>
        <line num="15" count="0" type="cond" truecount="0" falsecount="2"/>
        <line num="16" count="0" type="cond" truecount="0" falsecount="2"/>
        <line num="19" count="0" type="cond" truecount="0" falsecount="2"/>
        <line num="29" count="0" type="stmt"/>
        <line num="54" count="0" type="stmt"/>
      </file>
      <file name="SentryErrors.tsx" path="/Users/vintvgx/Desktop/bandit.studios/studio.code/RN/dpd.stats/src/components/SentryErrors.tsx">
        <metrics statements="32" coveredstatements="0" conditionals="24" coveredconditionals="0" methods="10" coveredmethods="0"/>
        <line num="28" count="0" type="stmt"/>
        <line num="31" count="0" type="stmt"/>
        <line num="32" count="0" type="stmt"/>
        <line num="33" count="0" type="stmt"/>
        <line num="35" count="0" type="stmt"/>
        <line num="37" count="0" type="stmt"/>
        <line num="39" count="0" type="stmt"/>
        <line num="40" count="0" type="stmt"/>
        <line num="44" count="0" type="stmt"/>
        <line num="46" count="0" type="cond" truecount="0" falsecount="2"/>
        <line num="48" count="0" type="stmt"/>
        <line num="49" count="0" type="stmt"/>
        <line num="52" count="0" type="cond" truecount="0" falsecount="2"/>
        <line num="53" count="0" type="stmt"/>
        <line num="54" count="0" type="stmt"/>
        <line num="55" count="0" type="stmt"/>
        <line num="60" count="0" type="stmt"/>
        <line num="62" count="0" type="stmt"/>
        <line num="63" count="0" type="stmt"/>
        <line num="64" count="0" type="stmt"/>
        <line num="65" count="0" type="stmt"/>
        <line num="69" count="0" type="cond" truecount="0" falsecount="2"/>
        <line num="70" count="0" type="stmt"/>
        <line num="82" count="0" type="cond" truecount="0" falsecount="2"/>
        <line num="83" count="0" type="stmt"/>
        <line num="96" count="0" type="cond" truecount="0" falsecount="2"/>
        <line num="97" count="0" type="stmt"/>
        <line num="113" count="0" type="stmt"/>
        <line num="129" count="0" type="stmt"/>
        <line num="134" count="0" type="stmt"/>
        <line num="154" count="0" type="stmt"/>
        <line num="160" count="0" type="stmt"/>
      </file>
      <file name="SentryIssues.tsx" path="/Users/vintvgx/Desktop/bandit.studios/studio.code/RN/dpd.stats/src/components/SentryIssues.tsx">
        <metrics statements="35" coveredstatements="0" conditionals="35" coveredconditionals="0" methods="10" coveredmethods="0"/>
        <line num="28" count="0" type="stmt"/>
        <line num="31" count="0" type="stmt"/>
        <line num="33" count="0" type="stmt"/>
        <line num="34" count="0" type="stmt"/>
        <line num="35" count="0" type="stmt"/>
        <line num="36" count="0" type="stmt"/>
        <line num="38" count="0" type="stmt"/>
        <line num="39" count="0" type="stmt"/>
        <line num="42" count="0" type="stmt"/>
        <line num="44" count="0" type="cond" truecount="0" falsecount="2"/>
        <line num="46" count="0" type="stmt"/>
        <line num="47" count="0" type="stmt"/>
        <line num="49" count="0" type="cond" truecount="0" falsecount="2"/>
        <line num="50" count="0" type="stmt"/>
        <line num="51" count="0" type="stmt"/>
        <line num="52" count="0" type="stmt"/>
        <line num="57" count="0" type="stmt"/>
        <line num="59" count="0" type="stmt"/>
        <line num="60" count="0" type="stmt"/>
        <line num="61" count="0" type="stmt"/>
        <line num="62" count="0" type="stmt"/>
        <line num="66" count="0" type="cond" truecount="0" falsecount="4"/>
        <line num="67" count="0" type="cond" truecount="0" falsecount="4"/>
        <line num="68" count="0" type="stmt"/>
        <line num="77" count="0" type="cond" truecount="0" falsecount="2"/>
        <line num="79" count="0" type="stmt"/>
        <line num="88" count="0" type="cond" truecount="0" falsecount="2"/>
        <line num="90" count="0" type="stmt"/>
        <line num="99" count="0" type="cond" truecount="0" falsecount="4"/>
        <line num="101" count="0" type="stmt"/>
        <line num="113" count="0" type="stmt"/>
        <line num="131" count="0" type="stmt"/>
        <line num="136" count="0" type="stmt"/>
        <line num="149" count="0" type="stmt"/>
        <line num="155" count="0" type="stmt"/>
      </file>
      <file name="SentryIssuesAndErrors.tsx" path="/Users/vintvgx/Desktop/bandit.studios/studio.code/RN/dpd.stats/src/components/SentryIssuesAndErrors.tsx">
        <metrics statements="54" coveredstatements="0" conditionals="20" coveredconditionals="0" methods="20" coveredmethods="0"/>
        <line num="29" count="0" type="stmt"/>
        <line num="31" count="0" type="stmt"/>
        <line num="35" count="0" type="stmt"/>
        <line num="36" count="0" type="stmt"/>
        <line num="37" count="0" type="stmt"/>
        <line num="38" count="0" type="stmt"/>
        <line num="39" count="0" type="stmt"/>
        <line num="40" count="0" type="stmt"/>
        <line num="41" count="0" type="stmt"/>
        <line num="43" count="0" type="stmt"/>
        <line num="45" count="0" type="stmt"/>
        <line num="46" count="0" type="stmt"/>
        <line num="49" count="0" type="stmt"/>
        <line num="50" count="0" type="stmt"/>
        <line num="51" count="0" type="stmt"/>
        <line num="52" count="0" type="cond" truecount="0" falsecount="2"/>
        <line num="53" count="0" type="stmt"/>
        <line num="54" count="0" type="stmt"/>
        <line num="55" count="0" type="stmt"/>
        <line num="56" count="0" type="stmt"/>
        <line num="57" count="0" type="stmt"/>
        <line num="60" count="0" type="stmt"/>
        <line num="61" count="0" type="stmt"/>
        <line num="63" count="0" type="stmt"/>
        <line num="64" count="0" type="stmt"/>
        <line num="66" count="0" type="stmt"/>
        <line num="69" count="0" type="stmt"/>
        <line num="70" count="0" type="cond" truecount="0" falsecount="2"/>
        <line num="71" count="0" type="stmt"/>
        <line num="75" count="0" type="stmt"/>
        <line num="76" count="0" type="stmt"/>
        <line num="77" count="0" type="stmt"/>
        <line num="78" count="0" type="cond" truecount="0" falsecount="2"/>
        <line num="79" count="0" type="stmt"/>
        <line num="80" count="0" type="stmt"/>
        <line num="81" count="0" type="stmt"/>
        <line num="84" count="0" type="stmt"/>
        <line num="85" count="0" type="stmt"/>
        <line num="88" count="0" type="stmt"/>
        <line num="89" count="0" type="stmt"/>
        <line num="92" count="0" type="stmt"/>
        <line num="93" count="0" type="stmt"/>
        <line num="94" count="0" type="stmt"/>
        <line num="95" count="0" type="stmt"/>
        <line num="96" count="0" type="stmt"/>
        <line num="100" count="0" type="cond" truecount="0" falsecount="4"/>
        <line num="101" count="0" type="stmt"/>
        <line num="112" count="0" type="cond" truecount="0" falsecount="4"/>
        <line num="113" count="0" type="stmt"/>
        <line num="124" count="0" type="stmt"/>
        <line num="140" count="0" type="stmt"/>
        <line num="145" count="0" type="stmt"/>
        <line num="159" count="0" type="stmt"/>
        <line num="167" count="0" type="stmt"/>
      </file>
    </package>
    <package name="dpd.stats.src.model">
      <metrics statements="0" coveredstatements="0" conditionals="0" coveredconditionals="0" methods="0" coveredmethods="0"/>
      <file name="event.ts" path="/Users/vintvgx/Desktop/bandit.studios/studio.code/RN/dpd.stats/src/model/event.ts">
        <metrics statements="0" coveredstatements="0" conditionals="0" coveredconditionals="0" methods="0" coveredmethods="0"/>
      </file>
      <file name="issue.ts" path="/Users/vintvgx/Desktop/bandit.studios/studio.code/RN/dpd.stats/src/model/issue.ts">
        <metrics statements="0" coveredstatements="0" conditionals="0" coveredconditionals="0" methods="0" coveredmethods="0"/>
      </file>
      <file name="project.ts" path="/Users/vintvgx/Desktop/bandit.studios/studio.code/RN/dpd.stats/src/model/project.ts">
        <metrics statements="0" coveredstatements="0" conditionals="0" coveredconditionals="0" methods="0" coveredmethods="0"/>
      </file>
    </package>
    <package name="dpd.stats.src.navigation">
      <metrics statements="17" coveredstatements="0" conditionals="2" coveredconditionals="0" methods="9" coveredmethods="0"/>
      <file name="Navigation.tsx" path="/Users/vintvgx/Desktop/bandit.studios/studio.code/RN/dpd.stats/src/navigation/Navigation.tsx">
        <metrics statements="17" coveredstatements="0" conditionals="2" coveredconditionals="0" methods="9" coveredmethods="0"/>
        <line num="24" count="0" type="stmt"/>
        <line num="25" count="0" type="stmt"/>
        <line num="29" count="0" type="stmt"/>
        <line num="39" count="0" type="stmt"/>
        <line num="50" count="0" type="stmt"/>
        <line num="51" count="0" type="cond" truecount="0" falsecount="2"/>
        <line num="53" count="0" type="stmt"/>
        <line num="55" count="0" type="stmt"/>
        <line num="56" count="0" type="stmt"/>
        <line num="60" count="0" type="stmt"/>
        <line num="61" count="0" type="stmt"/>
        <line num="63" count="0" type="stmt"/>
        <line num="65" count="0" type="stmt"/>
        <line num="68" count="0" type="stmt"/>
        <line num="72" count="0" type="stmt"/>
        <line num="87" count="0" type="stmt"/>
        <line num="96" count="0" type="stmt"/>
      </file>
    </package>
    <package name="dpd.stats.src.redux">
      <metrics statements="2" coveredstatements="0" conditionals="0" coveredconditionals="0" methods="0" coveredmethods="0"/>
      <file name="store.ts" path="/Users/vintvgx/Desktop/bandit.studios/studio.code/RN/dpd.stats/src/redux/store.ts">
        <metrics statements="2" coveredstatements="0" conditionals="0" coveredconditionals="0" methods="0" coveredmethods="0"/>
        <line num="6" count="0" type="stmt"/>
        <line num="19" count="0" type="stmt"/>
      </file>
    </package>
    <package name="dpd.stats.src.redux.slices">
      <metrics statements="188" coveredstatements="0" conditionals="68" coveredconditionals="0" methods="55" coveredmethods="0"/>
      <file name="RegisterSlice.ts" path="/Users/vintvgx/Desktop/bandit.studios/studio.code/RN/dpd.stats/src/redux/slices/RegisterSlice.ts">
        <metrics statements="4" coveredstatements="0" conditionals="0" coveredconditionals="0" methods="1" coveredmethods="0"/>
        <line num="7" count="0" type="stmt"/>
        <line num="11" count="0" type="stmt"/>
        <line num="16" count="0" type="stmt"/>
        <line num="21" count="0" type="stmt"/>
      </file>
      <file name="SentryDataSlice.ts" path="/Users/vintvgx/Desktop/bandit.studios/studio.code/RN/dpd.stats/src/redux/slices/SentryDataSlice.ts">
        <metrics statements="184" coveredstatements="0" conditionals="68" coveredconditionals="0" methods="54" coveredmethods="0"/>
        <line num="23" count="0" type="stmt"/>
        <line num="33" count="0" type="stmt"/>
        <line num="38" count="0" type="stmt"/>
        <line num="39" count="0" type="stmt"/>
        <line num="40" count="0" type="stmt"/>
        <line num="43" count="0" type="cond" truecount="0" falsecount="2"/>
        <line num="44" count="0" type="stmt"/>
        <line num="48" count="0" type="stmt"/>
        <line num="49" count="0" type="stmt"/>
        <line num="50" count="0" type="stmt"/>
        <line num="52" count="0" type="cond" truecount="0" falsecount="2"/>
        <line num="53" count="0" type="stmt"/>
        <line num="64" count="0" type="stmt"/>
        <line num="66" count="0" type="stmt"/>
        <line num="67" count="0" type="cond" truecount="0" falsecount="2"/>
        <line num="68" count="0" type="stmt"/>
        <line num="69" count="0" type="stmt"/>
        <line num="70" count="0" type="cond" truecount="0" falsecount="2"/>
        <line num="71" count="0" type="stmt"/>
        <line num="78" count="0" type="stmt"/>
        <line num="79" count="0" type="stmt"/>
        <line num="82" count="0" type="cond" truecount="0" falsecount="2"/>
        <line num="87" count="0" type="stmt"/>
        <line num="88" count="0" type="stmt"/>
        <line num="89" count="0" type="stmt"/>
        <line num="93" count="0" type="stmt"/>
        <line num="94" count="0" type="stmt"/>
        <line num="95" count="0" type="cond" truecount="0" falsecount="2"/>
        <line num="102" count="0" type="stmt"/>
        <line num="103" count="0" type="stmt"/>
        <line num="104" count="0" type="cond" truecount="0" falsecount="2"/>
        <line num="105" count="0" type="stmt"/>
        <line num="110" count="0" type="stmt"/>
        <line num="111" count="0" type="stmt"/>
        <line num="112" count="0" type="stmt"/>
        <line num="116" count="0" type="stmt"/>
        <line num="119" count="0" type="stmt"/>
        <line num="123" count="0" type="stmt"/>
        <line num="126" count="0" type="stmt"/>
        <line num="132" count="0" type="stmt"/>
        <line num="133" count="0" type="stmt"/>
        <line num="136" count="0" type="stmt"/>
        <line num="139" count="0" type="stmt"/>
        <line num="140" count="0" type="stmt"/>
        <line num="141" count="0" type="stmt"/>
        <line num="145" count="0" type="stmt"/>
        <line num="146" count="0" type="stmt"/>
        <line num="149" count="0" type="stmt"/>
        <line num="152" count="0" type="stmt"/>
        <line num="153" count="0" type="stmt"/>
        <line num="156" count="0" type="stmt"/>
        <line num="157" count="0" type="stmt"/>
        <line num="160" count="0" type="stmt"/>
        <line num="176" count="0" type="stmt"/>
        <line num="178" count="0" type="stmt"/>
        <line num="181" count="0" type="stmt"/>
        <line num="182" count="0" type="stmt"/>
        <line num="192" count="0" type="stmt"/>
        <line num="193" count="0" type="stmt"/>
        <line num="202" count="0" type="stmt"/>
        <line num="204" count="0" type="stmt"/>
        <line num="206" count="0" type="stmt"/>
        <line num="212" count="0" type="stmt"/>
        <line num="217" count="0" type="stmt"/>
        <line num="220" count="0" type="stmt"/>
        <line num="223" count="0" type="stmt"/>
        <line num="226" count="0" type="stmt"/>
        <line num="227" count="0" type="stmt"/>
        <line num="231" count="0" type="cond" truecount="0" falsecount="4"/>
        <line num="232" count="0" type="stmt"/>
        <line num="234" count="0" type="stmt"/>
        <line num="245" count="0" type="stmt"/>
        <line num="247" count="0" type="stmt"/>
        <line num="255" count="0" type="cond" truecount="0" falsecount="2"/>
        <line num="257" count="0" type="stmt"/>
        <line num="260" count="0" type="stmt"/>
        <line num="265" count="0" type="stmt"/>
        <line num="271" count="0" type="cond" truecount="0" falsecount="2"/>
        <line num="272" count="0" type="stmt"/>
        <line num="279" count="0" type="stmt"/>
        <line num="289" count="0" type="stmt"/>
        <line num="293" count="0" type="stmt"/>
        <line num="296" count="0" type="stmt"/>
        <line num="298" count="0" type="stmt"/>
        <line num="302" count="0" type="stmt"/>
        <line num="303" count="0" type="stmt"/>
        <line num="308" count="0" type="stmt"/>
        <line num="309" count="0" type="stmt"/>
        <line num="314" count="0" type="stmt"/>
        <line num="319" count="0" type="stmt"/>
        <line num="322" count="0" type="stmt"/>
        <line num="325" count="0" type="stmt"/>
        <line num="327" count="0" type="stmt"/>
        <line num="328" count="0" type="stmt"/>
        <line num="332" count="0" type="cond" truecount="0" falsecount="4"/>
        <line num="333" count="0" type="stmt"/>
        <line num="335" count="0" type="stmt"/>
        <line num="346" count="0" type="stmt"/>
        <line num="348" count="0" type="stmt"/>
        <line num="356" count="0" type="cond" truecount="0" falsecount="2"/>
        <line num="358" count="0" type="stmt"/>
        <line num="360" count="0" type="cond" truecount="0" falsecount="2"/>
        <line num="362" count="0" type="stmt"/>
        <line num="367" count="0" type="stmt"/>
        <line num="371" count="0" type="stmt"/>
        <line num="376" count="0" type="stmt"/>
        <line num="382" count="0" type="cond" truecount="0" falsecount="2"/>
        <line num="383" count="0" type="stmt"/>
        <line num="390" count="0" type="stmt"/>
        <line num="401" count="0" type="stmt"/>
        <line num="406" count="0" type="stmt"/>
        <line num="409" count="0" type="stmt"/>
        <line num="411" count="0" type="stmt"/>
        <line num="415" count="0" type="stmt"/>
        <line num="416" count="0" type="stmt"/>
        <line num="421" count="0" type="stmt"/>
        <line num="422" count="0" type="stmt"/>
        <line num="426" count="0" type="stmt"/>
        <line num="431" count="0" type="stmt"/>
        <line num="433" count="0" type="stmt"/>
        <line num="435" count="0" type="stmt"/>
        <line num="436" count="0" type="stmt"/>
        <line num="439" count="0" type="cond" truecount="0" falsecount="2"/>
        <line num="440" count="0" type="stmt"/>
        <line num="441" count="0" type="stmt"/>
        <line num="444" count="0" type="stmt"/>
        <line num="445" count="0" type="stmt"/>
        <line num="455" count="0" type="stmt"/>
        <line num="456" count="0" type="stmt"/>
        <line num="463" count="0" type="cond" truecount="0" falsecount="2"/>
        <line num="464" count="0" type="stmt"/>
        <line num="466" count="0" type="cond" truecount="0" falsecount="2"/>
        <line num="467" count="0" type="stmt"/>
        <line num="471" count="0" type="cond" truecount="0" falsecount="2"/>
        <line num="472" count="0" type="stmt"/>
        <line num="477" count="0" type="stmt"/>
        <line num="482" count="0" type="stmt"/>
        <line num="485" count="0" type="stmt"/>
        <line num="489" count="0" type="stmt"/>
        <line num="494" count="0" type="cond" truecount="0" falsecount="2"/>
        <line num="495" count="0" type="stmt"/>
        <line num="502" count="0" type="stmt"/>
        <line num="512" count="0" type="stmt"/>
        <line num="516" count="0" type="stmt"/>
        <line num="520" count="0" type="stmt"/>
        <line num="524" count="0" type="stmt"/>
        <line num="525" count="0" type="stmt"/>
        <line num="531" count="0" type="stmt"/>
        <line num="536" count="0" type="stmt"/>
        <line num="538" count="0" type="stmt"/>
        <line num="539" count="0" type="stmt"/>
        <line num="552" count="0" type="stmt"/>
        <line num="554" count="0" type="stmt"/>
        <line num="558" count="0" type="stmt"/>
        <line num="559" count="0" type="stmt"/>
        <line num="565" count="0" type="stmt"/>
        <line num="571" count="0" type="stmt"/>
        <line num="572" count="0" type="stmt"/>
        <line num="581" count="0" type="stmt"/>
        <line num="583" count="0" type="stmt"/>
        <line num="585" count="0" type="stmt"/>
        <line num="592" count="0" type="stmt"/>
        <line num="595" count="0" type="stmt"/>
        <line num="596" count="0" type="stmt"/>
        <line num="604" count="0" type="stmt"/>
        <line num="610" count="0" type="stmt"/>
        <line num="612" count="0" type="stmt"/>
        <line num="617" count="0" type="stmt"/>
        <line num="620" count="0" type="stmt"/>
        <line num="621" count="0" type="stmt"/>
        <line num="623" count="0" type="stmt"/>
        <line num="624" count="0" type="cond" truecount="0" falsecount="2"/>
        <line num="626" count="0" type="stmt"/>
        <line num="629" count="0" type="stmt"/>
        <line num="632" count="0" type="cond" truecount="0" falsecount="2"/>
        <line num="633" count="0" type="stmt"/>
        <line num="637" count="0" type="stmt"/>
        <line num="638" count="0" type="stmt"/>
        <line num="640" count="0" type="stmt"/>
        <line num="645" count="0" type="stmt"/>
        <line num="646" count="0" type="stmt"/>
        <line num="650" count="0" type="stmt"/>
        <line num="651" count="0" type="stmt"/>
        <line num="652" count="0" type="stmt"/>
      </file>
    </package>
    <package name="dpd.stats.src.utils">
      <metrics statements="69" coveredstatements="0" conditionals="26" coveredconditionals="0" methods="10" coveredmethods="0"/>
      <file name="constants.ts" path="/Users/vintvgx/Desktop/bandit.studios/studio.code/RN/dpd.stats/src/utils/constants.ts">
        <metrics statements="2" coveredstatements="0" conditionals="0" coveredconditionals="0" methods="0" coveredmethods="0"/>
        <line num="4" count="0" type="stmt"/>
        <line num="65" count="0" type="stmt"/>
      </file>
      <file name="functions.ts" path="/Users/vintvgx/Desktop/bandit.studios/studio.code/RN/dpd.stats/src/utils/functions.ts">
        <metrics statements="51" coveredstatements="0" conditionals="20" coveredconditionals="0" methods="4" coveredmethods="0"/>
        <line num="16" count="0" type="stmt"/>
        <line num="26" count="0" type="stmt"/>
        <line num="28" count="0" type="stmt"/>
        <line num="32" count="0" type="stmt"/>
        <line num="34" count="0" type="cond" truecount="0" falsecount="2"/>
        <line num="35" count="0" type="stmt"/>
        <line num="36" count="0" type="stmt"/>
        <line num="39" count="0" type="cond" truecount="0" falsecount="2"/>
        <line num="40" count="0" type="stmt"/>
        <line num="48" count="0" type="cond" truecount="0" falsecount="2"/>
        <line num="50" count="0" type="stmt"/>
        <line num="51" count="0" type="stmt"/>
        <line num="52" count="0" type="cond" truecount="0" falsecount="2"/>
        <line num="53" count="0" type="stmt"/>
        <line num="54" count="0" type="stmt"/>
        <line num="56" count="0" type="cond" truecount="0" falsecount="2"/>
        <line num="57" count="0" type="stmt"/>
        <line num="58" count="0" type="stmt"/>
        <line num="62" count="0" type="stmt"/>
        <line num="68" count="0" type="stmt"/>
        <line num="69" count="0" type="stmt"/>
        <line num="73" count="0" type="stmt"/>
        <line num="76" count="0" type="stmt"/>
        <line num="79" count="0" type="cond" truecount="0" falsecount="2"/>
        <line num="80" count="0" type="cond" truecount="0" falsecount="2"/>
        <line num="81" count="0" type="stmt"/>
        <line num="83" count="0" type="stmt"/>
        <line num="84" count="0" type="stmt"/>
        <line num="87" count="0" type="stmt"/>
        <line num="88" count="0" type="stmt"/>
        <line num="89" count="0" type="stmt"/>
        <line num="90" count="0" type="stmt"/>
        <line num="96" count="0" type="cond" truecount="0" falsecount="2"/>
        <line num="97" count="0" type="stmt"/>
        <line num="98" count="0" type="stmt"/>
        <line num="102" count="0" type="stmt"/>
        <line num="111" count="0" type="stmt"/>
        <line num="117" count="0" type="stmt"/>
        <line num="118" count="0" type="cond" truecount="0" falsecount="2"/>
        <line num="119" count="0" type="stmt"/>
        <line num="120" count="0" type="stmt"/>
        <line num="125" count="0" type="stmt"/>
        <line num="126" count="0" type="stmt"/>
        <line num="127" count="0" type="stmt"/>
        <line num="128" count="0" type="stmt"/>
        <line num="129" count="0" type="stmt"/>
        <line num="130" count="0" type="stmt"/>
        <line num="131" count="0" type="stmt"/>
        <line num="132" count="0" type="stmt"/>
        <line num="133" count="0" type="cond" truecount="0" falsecount="2"/>
        <line num="135" count="0" type="stmt"/>
      </file>
      <file name="throttleRequest.ts" path="/Users/vintvgx/Desktop/bandit.studios/studio.code/RN/dpd.stats/src/utils/throttleRequest.ts">
        <metrics statements="16" coveredstatements="0" conditionals="6" coveredconditionals="0" methods="6" coveredmethods="0"/>
        <line num="3" count="0" type="stmt"/>
        <line num="6" count="0" type="stmt"/>
        <line num="9" count="0" type="stmt"/>
        <line num="10" count="0" type="stmt"/>
        <line num="13" count="0" type="stmt"/>
        <line num="14" count="0" type="stmt"/>
        <line num="15" count="0" type="stmt"/>
        <line num="18" count="0" type="stmt"/>
        <line num="19" count="0" type="cond" truecount="0" falsecount="2"/>
        <line num="20" count="0" type="stmt"/>
        <line num="22" count="0" type="stmt"/>
        <line num="23" count="0" type="stmt"/>
        <line num="24" count="0" type="stmt"/>
        <line num="25" count="0" type="stmt"/>
        <line num="26" count="0" type="cond" truecount="0" falsecount="2"/>
        <line num="33" count="0" type="stmt"/>
      </file>
    </package>
    <package name="dpd.stats.src.view">
      <metrics statements="75" coveredstatements="0" conditionals="30" coveredconditionals="0" methods="30" coveredmethods="0"/>
      <file name="Home.tsx" path="/Users/vintvgx/Desktop/bandit.studios/studio.code/RN/dpd.stats/src/view/Home.tsx">
        <metrics statements="37" coveredstatements="0" conditionals="10" coveredconditionals="0" methods="15" coveredmethods="0"/>
        <line num="39" count="0" type="stmt"/>
        <line num="41" count="0" type="stmt"/>
        <line num="42" count="0" type="cond" truecount="0" falsecount="2"/>
        <line num="44" count="0" type="stmt"/>
        <line num="46" count="0" type="stmt"/>
        <line num="47" count="0" type="stmt"/>
        <line num="48" count="0" type="stmt"/>
        <line num="49" count="0" type="stmt"/>
        <line num="51" count="0" type="stmt"/>
        <line num="52" count="0" type="stmt"/>
        <line num="53" count="0" type="stmt"/>
        <line num="56" count="0" type="stmt"/>
        <line num="58" count="0" type="stmt"/>
        <line num="60" count="0" type="cond" truecount="0" falsecount="2"/>
        <line num="62" count="0" type="stmt"/>
        <line num="65" count="0" type="stmt"/>
        <line num="70" count="0" type="stmt"/>
        <line num="78" count="0" type="stmt"/>
        <line num="81" count="0" type="stmt"/>
        <line num="82" count="0" type="stmt"/>
        <line num="85" count="0" type="stmt"/>
        <line num="86" count="0" type="stmt"/>
        <line num="87" count="0" type="stmt"/>
        <line num="88" count="0" type="stmt"/>
        <line num="99" count="0" type="stmt"/>
        <line num="100" count="0" type="stmt"/>
        <line num="101" count="0" type="stmt"/>
        <line num="110" count="0" type="stmt"/>
        <line num="111" count="0" type="stmt"/>
        <line num="114" count="0" type="stmt"/>
        <line num="115" count="0" type="stmt"/>
        <line num="119" count="0" type="stmt"/>
        <line num="124" count="0" type="stmt"/>
        <line num="139" count="0" type="cond" truecount="0" falsecount="2"/>
        <line num="142" count="0" type="stmt"/>
        <line num="146" count="0" type="stmt"/>
        <line num="167" count="0" type="stmt"/>
      </file>
      <file name="Map.tsx" path="/Users/vintvgx/Desktop/bandit.studios/studio.code/RN/dpd.stats/src/view/Map.tsx">
        <metrics statements="20" coveredstatements="0" conditionals="4" coveredconditionals="0" methods="10" coveredmethods="0"/>
        <line num="13" count="0" type="stmt"/>
        <line num="14" count="0" type="stmt"/>
        <line num="22" count="0" type="stmt"/>
        <line num="23" count="0" type="stmt"/>
        <line num="24" count="0" type="stmt"/>
        <line num="25" count="0" type="stmt"/>
        <line num="26" count="0" type="stmt"/>
        <line num="28" count="0" type="stmt"/>
        <line num="30" count="0" type="stmt"/>
        <line num="31" count="0" type="stmt"/>
        <line num="35" count="0" type="stmt"/>
        <line num="36" count="0" type="stmt"/>
        <line num="37" count="0" type="stmt"/>
        <line num="40" count="0" type="stmt"/>
        <line num="49" count="0" type="stmt"/>
        <line num="50" count="0" type="stmt"/>
        <line num="51" count="0" type="cond" truecount="0" falsecount="2"/>
        <line num="59" count="0" type="stmt"/>
        <line num="68" count="0" type="stmt"/>
        <line num="77" count="0" type="stmt"/>
      </file>
      <file name="ProjectMonitoring.tsx" path="/Users/vintvgx/Desktop/bandit.studios/studio.code/RN/dpd.stats/src/view/ProjectMonitoring.tsx">
        <metrics statements="18" coveredstatements="0" conditionals="16" coveredconditionals="0" methods="5" coveredmethods="0"/>
        <line num="34" count="0" type="stmt"/>
        <line num="36" count="0" type="stmt"/>
        <line num="38" count="0" type="stmt"/>
        <line num="39" count="0" type="stmt"/>
        <line num="40" count="0" type="stmt"/>
        <line num="42" count="0" type="stmt"/>
        <line num="44" count="0" type="cond" truecount="0" falsecount="2"/>
        <line num="45" count="0" type="cond" truecount="0" falsecount="2"/>
        <line num="47" count="0" type="stmt"/>
        <line num="49" count="0" type="stmt"/>
        <line num="51" count="0" type="stmt"/>
        <line num="68" count="0" type="stmt"/>
        <line num="69" count="0" type="cond" truecount="0" falsecount="4"/>
        <line num="70" count="0" type="stmt"/>
        <line num="71" count="0" type="stmt"/>
        <line num="75" count="0" type="stmt"/>
        <line num="87" count="0" type="stmt"/>
        <line num="112" count="0" type="stmt"/>
      </file>
    </package>
    <package name="dpd.stats.types">
      <metrics statements="0" coveredstatements="0" conditionals="0" coveredconditionals="0" methods="0" coveredmethods="0"/>
      <file name="env.d.ts" path="/Users/vintvgx/Desktop/bandit.studios/studio.code/RN/dpd.stats/types/env.d.ts">
        <metrics statements="0" coveredstatements="0" conditionals="0" coveredconditionals="0" methods="0" coveredmethods="0"/>
      </file>
    </package>
  </project>
</coverage>
