{"/Users/vintvgx/Desktop/bandit.studios/studio.code/RN/dpd.stats/App.tsx": {"path":"/Users/vintvgx/Desktop/bandit.studios/studio.code/RN/dpd.stats/App.tsx","statementMap":{"0":{"start":{"line":22,"column":0},"end":{"line":28,"column":3}},"1":{"start":{"line":23,"column":35},"end":{"line":27,"column":3}},"2":{"start":{"line":30,"column":0},"end":{"line":34,"column":3}},"3":{"start":{"line":36,"column":12},"end":{"line":81,"column":1}},"4":{"start":{"line":37,"column":46},"end":{"line":37,"column":60}},"5":{"start":{"line":38,"column":19},"end":{"line":38,"column":40}},"6":{"start":{"line":40,"column":17},"end":{"line":40,"column":23}},"7":{"start":{"line":42,"column":26},"end":{"line":42,"column":61}},"8":{"start":{"line":43,"column":20},"end":{"line":43,"column":55}},"9":{"start":{"line":45,"column":2},"end":{"line":51,"column":9}},"10":{"start":{"line":46,"column":4},"end":{"line":50,"column":44}},"11":{"start":{"line":50,"column":19},"end":{"line":50,"column":42}},"12":{"start":{"line":53,"column":2},"end":{"line":71,"column":3}},"13":{"start":{"line":54,"column":4},"end":{"line":70,"column":6}},"14":{"start":{"line":73,"column":2},"end":{"line":80,"column":4}},"15":{"start":{"line":85,"column":2},"end":{"line":85,"column":47}}},"fnMap":{"0":{"name":"(anonymous_0)","decl":{"start":{"line":23,"column":22},"end":{"line":23,"column":23}},"loc":{"start":{"line":23,"column":35},"end":{"line":27,"column":3}},"line":23},"1":{"name":"(anonymous_1)","decl":{"start":{"line":36,"column":12},"end":{"line":36,"column":13}},"loc":{"start":{"line":36,"column":18},"end":{"line":81,"column":1}},"line":36},"2":{"name":"(anonymous_2)","decl":{"start":{"line":45,"column":12},"end":{"line":45,"column":13}},"loc":{"start":{"line":45,"column":18},"end":{"line":51,"column":3}},"line":45},"3":{"name":"(anonymous_3)","decl":{"start":{"line":50,"column":13},"end":{"line":50,"column":14}},"loc":{"start":{"line":50,"column":19},"end":{"line":50,"column":42}},"line":50},"4":{"name":"useAppDispatch","decl":{"start":{"line":84,"column":9},"end":{"line":84,"column":23}},"loc":{"start":{"line":84,"column":26},"end":{"line":86,"column":1}},"line":84}},"branchMap":{"0":{"loc":{"start":{"line":42,"column":26},"end":{"line":42,"column":61}},"type":"cond-expr","locations":[{"start":{"line":42,"column":46},"end":{"line":42,"column":52}},{"start":{"line":42,"column":55},"end":{"line":42,"column":61}}],"line":42},"1":{"loc":{"start":{"line":43,"column":20},"end":{"line":43,"column":55}},"type":"cond-expr","locations":[{"start":{"line":43,"column":40},"end":{"line":43,"column":46}},{"start":{"line":43,"column":49},"end":{"line":43,"column":55}}],"line":43},"2":{"loc":{"start":{"line":53,"column":2},"end":{"line":71,"column":3}},"type":"if","locations":[{"start":{"line":53,"column":2},"end":{"line":71,"column":3}},{"start":{},"end":{}}],"line":53},"3":{"loc":{"start":{"line":76,"column":26},"end":{"line":76,"column":62}},"type":"cond-expr","locations":[{"start":{"line":76,"column":46},"end":{"line":76,"column":53}},{"start":{"line":76,"column":56},"end":{"line":76,"column":62}}],"line":76}},"s":{"0":0,"1":0,"2":0,"3":0,"4":0,"5":0,"6":0,"7":0,"8":0,"9":0,"10":0,"11":0,"12":0,"13":0,"14":0,"15":0},"f":{"0":0,"1":0,"2":0,"3":0,"4":0},"b":{"0":[0,0],"1":[0,0],"2":[0,0],"3":[0,0]}}
,"/Users/vintvgx/Desktop/bandit.studios/studio.code/RN/dpd.stats/index.js": {"path":"/Users/vintvgx/Desktop/bandit.studios/studio.code/RN/dpd.stats/index.js","statementMap":{"0":{"start":{"line":8,"column":0},"end":{"line":8,"column":27}}},"fnMap":{},"branchMap":{},"s":{"0":0},"f":{},"b":{}}
,"/Users/vintvgx/Desktop/bandit.studios/studio.code/RN/dpd.stats/metro.config.js": {"path":"/Users/vintvgx/Desktop/bandit.studios/studio.code/RN/dpd.stats/metro.config.js","statementMap":{"0":{"start":{"line":1,"column":32},"end":{"line":1,"column":69}},"1":{"start":{"line":4,"column":15},"end":{"line":4,"column":45}},"2":{"start":{"line":6,"column":0},"end":{"line":6,"column":24}}},"fnMap":{},"branchMap":{},"s":{"0":0,"1":0,"2":0},"f":{},"b":{}}
,"/Users/vintvgx/Desktop/bandit.studios/studio.code/RN/dpd.stats/.expo/metro/polyfill.js": {"path":"/Users/vintvgx/Desktop/bandit.studios/studio.code/RN/dpd.stats/.expo/metro/polyfill.js","statementMap":{"0":{"start":{"line":1,"column":0},"end":{"line":1,"column":81}},"1":{"start":{"line":1,"column":76},"end":{"line":1,"column":80}}},"fnMap":{"0":{"name":"(anonymous_0)","decl":{"start":{"line":1,"column":70},"end":{"line":1,"column":71}},"loc":{"start":{"line":1,"column":76},"end":{"line":1,"column":80}},"line":1}},"branchMap":{"0":{"loc":{"start":{"line":1,"column":28},"end":{"line":1,"column":80}},"type":"cond-expr","locations":[{"start":{"line":1,"column":60},"end":{"line":1,"column":67}},{"start":{"line":1,"column":70},"end":{"line":1,"column":80}}],"line":1}},"s":{"0":0,"1":0},"f":{"0":0},"b":{"0":[0,0]}}
,"/Users/vintvgx/Desktop/bandit.studios/studio.code/RN/dpd.stats/.expo/metro/polyfill.native.js": {"path":"/Users/vintvgx/Desktop/bandit.studios/studio.code/RN/dpd.stats/.expo/metro/polyfill.native.js","statementMap":{"0":{"start":{"line":1,"column":0},"end":{"line":1,"column":155}},"1":{"start":{"line":1,"column":43},"end":{"line":1,"column":154}}},"fnMap":{"0":{"name":"(anonymous_0)","decl":{"start":{"line":1,"column":28},"end":{"line":1,"column":29}},"loc":{"start":{"line":1,"column":42},"end":{"line":1,"column":155}},"line":1}},"branchMap":{},"s":{"0":0,"1":0},"f":{"0":0},"b":{}}
,"/Users/vintvgx/Desktop/bandit.studios/studio.code/RN/dpd.stats/.expo/metro/externals/assert/index.js": {"path":"/Users/vintvgx/Desktop/bandit.studios/studio.code/RN/dpd.stats/.expo/metro/externals/assert/index.js","statementMap":{"0":{"start":{"line":1,"column":0},"end":{"line":1,"column":51}}},"fnMap":{},"branchMap":{},"s":{"0":0},"f":{},"b":{}}
,"/Users/vintvgx/Desktop/bandit.studios/studio.code/RN/dpd.stats/.expo/metro/externals/async_hooks/index.js": {"path":"/Users/vintvgx/Desktop/bandit.studios/studio.code/RN/dpd.stats/.expo/metro/externals/async_hooks/index.js","statementMap":{"0":{"start":{"line":1,"column":0},"end":{"line":1,"column":56}}},"fnMap":{},"branchMap":{},"s":{"0":0},"f":{},"b":{}}
,"/Users/vintvgx/Desktop/bandit.studios/studio.code/RN/dpd.stats/.expo/metro/externals/buffer/index.js": {"path":"/Users/vintvgx/Desktop/bandit.studios/studio.code/RN/dpd.stats/.expo/metro/externals/buffer/index.js","statementMap":{"0":{"start":{"line":1,"column":0},"end":{"line":1,"column":51}}},"fnMap":{},"branchMap":{},"s":{"0":0},"f":{},"b":{}}
,"/Users/vintvgx/Desktop/bandit.studios/studio.code/RN/dpd.stats/.expo/metro/externals/child_process/index.js": {"path":"/Users/vintvgx/Desktop/bandit.studios/studio.code/RN/dpd.stats/.expo/metro/externals/child_process/index.js","statementMap":{"0":{"start":{"line":1,"column":0},"end":{"line":1,"column":58}}},"fnMap":{},"branchMap":{},"s":{"0":0},"f":{},"b":{}}
,"/Users/vintvgx/Desktop/bandit.studios/studio.code/RN/dpd.stats/.expo/metro/externals/cluster/index.js": {"path":"/Users/vintvgx/Desktop/bandit.studios/studio.code/RN/dpd.stats/.expo/metro/externals/cluster/index.js","statementMap":{"0":{"start":{"line":1,"column":0},"end":{"line":1,"column":52}}},"fnMap":{},"branchMap":{},"s":{"0":0},"f":{},"b":{}}
,"/Users/vintvgx/Desktop/bandit.studios/studio.code/RN/dpd.stats/.expo/metro/externals/console/index.js": {"path":"/Users/vintvgx/Desktop/bandit.studios/studio.code/RN/dpd.stats/.expo/metro/externals/console/index.js","statementMap":{"0":{"start":{"line":1,"column":0},"end":{"line":1,"column":52}}},"fnMap":{},"branchMap":{},"s":{"0":0},"f":{},"b":{}}
,"/Users/vintvgx/Desktop/bandit.studios/studio.code/RN/dpd.stats/.expo/metro/externals/constants/index.js": {"path":"/Users/vintvgx/Desktop/bandit.studios/studio.code/RN/dpd.stats/.expo/metro/externals/constants/index.js","statementMap":{"0":{"start":{"line":1,"column":0},"end":{"line":1,"column":54}}},"fnMap":{},"branchMap":{},"s":{"0":0},"f":{},"b":{}}
,"/Users/vintvgx/Desktop/bandit.studios/studio.code/RN/dpd.stats/.expo/metro/externals/crypto/index.js": {"path":"/Users/vintvgx/Desktop/bandit.studios/studio.code/RN/dpd.stats/.expo/metro/externals/crypto/index.js","statementMap":{"0":{"start":{"line":1,"column":0},"end":{"line":1,"column":51}}},"fnMap":{},"branchMap":{},"s":{"0":0},"f":{},"b":{}}
,"/Users/vintvgx/Desktop/bandit.studios/studio.code/RN/dpd.stats/.expo/metro/externals/dgram/index.js": {"path":"/Users/vintvgx/Desktop/bandit.studios/studio.code/RN/dpd.stats/.expo/metro/externals/dgram/index.js","statementMap":{"0":{"start":{"line":1,"column":0},"end":{"line":1,"column":50}}},"fnMap":{},"branchMap":{},"s":{"0":0},"f":{},"b":{}}
,"/Users/vintvgx/Desktop/bandit.studios/studio.code/RN/dpd.stats/.expo/metro/externals/diagnostics_channel/index.js": {"path":"/Users/vintvgx/Desktop/bandit.studios/studio.code/RN/dpd.stats/.expo/metro/externals/diagnostics_channel/index.js","statementMap":{"0":{"start":{"line":1,"column":0},"end":{"line":1,"column":64}}},"fnMap":{},"branchMap":{},"s":{"0":0},"f":{},"b":{}}
,"/Users/vintvgx/Desktop/bandit.studios/studio.code/RN/dpd.stats/.expo/metro/externals/dns/index.js": {"path":"/Users/vintvgx/Desktop/bandit.studios/studio.code/RN/dpd.stats/.expo/metro/externals/dns/index.js","statementMap":{"0":{"start":{"line":1,"column":0},"end":{"line":1,"column":48}}},"fnMap":{},"branchMap":{},"s":{"0":0},"f":{},"b":{}}
,"/Users/vintvgx/Desktop/bandit.studios/studio.code/RN/dpd.stats/.expo/metro/externals/domain/index.js": {"path":"/Users/vintvgx/Desktop/bandit.studios/studio.code/RN/dpd.stats/.expo/metro/externals/domain/index.js","statementMap":{"0":{"start":{"line":1,"column":0},"end":{"line":1,"column":51}}},"fnMap":{},"branchMap":{},"s":{"0":0},"f":{},"b":{}}
,"/Users/vintvgx/Desktop/bandit.studios/studio.code/RN/dpd.stats/.expo/metro/externals/events/index.js": {"path":"/Users/vintvgx/Desktop/bandit.studios/studio.code/RN/dpd.stats/.expo/metro/externals/events/index.js","statementMap":{"0":{"start":{"line":1,"column":0},"end":{"line":1,"column":51}}},"fnMap":{},"branchMap":{},"s":{"0":0},"f":{},"b":{}}
,"/Users/vintvgx/Desktop/bandit.studios/studio.code/RN/dpd.stats/.expo/metro/externals/fs/index.js": {"path":"/Users/vintvgx/Desktop/bandit.studios/studio.code/RN/dpd.stats/.expo/metro/externals/fs/index.js","statementMap":{"0":{"start":{"line":1,"column":0},"end":{"line":1,"column":47}}},"fnMap":{},"branchMap":{},"s":{"0":0},"f":{},"b":{}}
,"/Users/vintvgx/Desktop/bandit.studios/studio.code/RN/dpd.stats/.expo/metro/externals/fs/promises/index.js": {"path":"/Users/vintvgx/Desktop/bandit.studios/studio.code/RN/dpd.stats/.expo/metro/externals/fs/promises/index.js","statementMap":{"0":{"start":{"line":1,"column":0},"end":{"line":1,"column":56}}},"fnMap":{},"branchMap":{},"s":{"0":0},"f":{},"b":{}}
,"/Users/vintvgx/Desktop/bandit.studios/studio.code/RN/dpd.stats/.expo/metro/externals/http/index.js": {"path":"/Users/vintvgx/Desktop/bandit.studios/studio.code/RN/dpd.stats/.expo/metro/externals/http/index.js","statementMap":{"0":{"start":{"line":1,"column":0},"end":{"line":1,"column":49}}},"fnMap":{},"branchMap":{},"s":{"0":0},"f":{},"b":{}}
,"/Users/vintvgx/Desktop/bandit.studios/studio.code/RN/dpd.stats/.expo/metro/externals/http2/index.js": {"path":"/Users/vintvgx/Desktop/bandit.studios/studio.code/RN/dpd.stats/.expo/metro/externals/http2/index.js","statementMap":{"0":{"start":{"line":1,"column":0},"end":{"line":1,"column":50}}},"fnMap":{},"branchMap":{},"s":{"0":0},"f":{},"b":{}}
,"/Users/vintvgx/Desktop/bandit.studios/studio.code/RN/dpd.stats/.expo/metro/externals/https/index.js": {"path":"/Users/vintvgx/Desktop/bandit.studios/studio.code/RN/dpd.stats/.expo/metro/externals/https/index.js","statementMap":{"0":{"start":{"line":1,"column":0},"end":{"line":1,"column":50}}},"fnMap":{},"branchMap":{},"s":{"0":0},"f":{},"b":{}}
,"/Users/vintvgx/Desktop/bandit.studios/studio.code/RN/dpd.stats/.expo/metro/externals/inspector/index.js": {"path":"/Users/vintvgx/Desktop/bandit.studios/studio.code/RN/dpd.stats/.expo/metro/externals/inspector/index.js","statementMap":{"0":{"start":{"line":1,"column":0},"end":{"line":1,"column":54}}},"fnMap":{},"branchMap":{},"s":{"0":0},"f":{},"b":{}}
,"/Users/vintvgx/Desktop/bandit.studios/studio.code/RN/dpd.stats/.expo/metro/externals/module/index.js": {"path":"/Users/vintvgx/Desktop/bandit.studios/studio.code/RN/dpd.stats/.expo/metro/externals/module/index.js","statementMap":{"0":{"start":{"line":1,"column":0},"end":{"line":1,"column":51}}},"fnMap":{},"branchMap":{},"s":{"0":0},"f":{},"b":{}}
,"/Users/vintvgx/Desktop/bandit.studios/studio.code/RN/dpd.stats/.expo/metro/externals/net/index.js": {"path":"/Users/vintvgx/Desktop/bandit.studios/studio.code/RN/dpd.stats/.expo/metro/externals/net/index.js","statementMap":{"0":{"start":{"line":1,"column":0},"end":{"line":1,"column":48}}},"fnMap":{},"branchMap":{},"s":{"0":0},"f":{},"b":{}}
,"/Users/vintvgx/Desktop/bandit.studios/studio.code/RN/dpd.stats/.expo/metro/externals/os/index.js": {"path":"/Users/vintvgx/Desktop/bandit.studios/studio.code/RN/dpd.stats/.expo/metro/externals/os/index.js","statementMap":{"0":{"start":{"line":1,"column":0},"end":{"line":1,"column":47}}},"fnMap":{},"branchMap":{},"s":{"0":0},"f":{},"b":{}}
,"/Users/vintvgx/Desktop/bandit.studios/studio.code/RN/dpd.stats/.expo/metro/externals/path/index.js": {"path":"/Users/vintvgx/Desktop/bandit.studios/studio.code/RN/dpd.stats/.expo/metro/externals/path/index.js","statementMap":{"0":{"start":{"line":1,"column":0},"end":{"line":1,"column":49}}},"fnMap":{},"branchMap":{},"s":{"0":0},"f":{},"b":{}}
,"/Users/vintvgx/Desktop/bandit.studios/studio.code/RN/dpd.stats/.expo/metro/externals/perf_hooks/index.js": {"path":"/Users/vintvgx/Desktop/bandit.studios/studio.code/RN/dpd.stats/.expo/metro/externals/perf_hooks/index.js","statementMap":{"0":{"start":{"line":1,"column":0},"end":{"line":1,"column":55}}},"fnMap":{},"branchMap":{},"s":{"0":0},"f":{},"b":{}}
,"/Users/vintvgx/Desktop/bandit.studios/studio.code/RN/dpd.stats/.expo/metro/externals/process/index.js": {"path":"/Users/vintvgx/Desktop/bandit.studios/studio.code/RN/dpd.stats/.expo/metro/externals/process/index.js","statementMap":{"0":{"start":{"line":1,"column":0},"end":{"line":1,"column":52}}},"fnMap":{},"branchMap":{},"s":{"0":0},"f":{},"b":{}}
,"/Users/vintvgx/Desktop/bandit.studios/studio.code/RN/dpd.stats/.expo/metro/externals/punycode/index.js": {"path":"/Users/vintvgx/Desktop/bandit.studios/studio.code/RN/dpd.stats/.expo/metro/externals/punycode/index.js","statementMap":{"0":{"start":{"line":1,"column":0},"end":{"line":1,"column":53}}},"fnMap":{},"branchMap":{},"s":{"0":0},"f":{},"b":{}}
,"/Users/vintvgx/Desktop/bandit.studios/studio.code/RN/dpd.stats/.expo/metro/externals/querystring/index.js": {"path":"/Users/vintvgx/Desktop/bandit.studios/studio.code/RN/dpd.stats/.expo/metro/externals/querystring/index.js","statementMap":{"0":{"start":{"line":1,"column":0},"end":{"line":1,"column":56}}},"fnMap":{},"branchMap":{},"s":{"0":0},"f":{},"b":{}}
,"/Users/vintvgx/Desktop/bandit.studios/studio.code/RN/dpd.stats/.expo/metro/externals/readline/index.js": {"path":"/Users/vintvgx/Desktop/bandit.studios/studio.code/RN/dpd.stats/.expo/metro/externals/readline/index.js","statementMap":{"0":{"start":{"line":1,"column":0},"end":{"line":1,"column":53}}},"fnMap":{},"branchMap":{},"s":{"0":0},"f":{},"b":{}}
,"/Users/vintvgx/Desktop/bandit.studios/studio.code/RN/dpd.stats/.expo/metro/externals/repl/index.js": {"path":"/Users/vintvgx/Desktop/bandit.studios/studio.code/RN/dpd.stats/.expo/metro/externals/repl/index.js","statementMap":{"0":{"start":{"line":1,"column":0},"end":{"line":1,"column":49}}},"fnMap":{},"branchMap":{},"s":{"0":0},"f":{},"b":{}}
,"/Users/vintvgx/Desktop/bandit.studios/studio.code/RN/dpd.stats/.expo/metro/externals/stream/index.js": {"path":"/Users/vintvgx/Desktop/bandit.studios/studio.code/RN/dpd.stats/.expo/metro/externals/stream/index.js","statementMap":{"0":{"start":{"line":1,"column":0},"end":{"line":1,"column":51}}},"fnMap":{},"branchMap":{},"s":{"0":0},"f":{},"b":{}}
,"/Users/vintvgx/Desktop/bandit.studios/studio.code/RN/dpd.stats/.expo/metro/externals/string_decoder/index.js": {"path":"/Users/vintvgx/Desktop/bandit.studios/studio.code/RN/dpd.stats/.expo/metro/externals/string_decoder/index.js","statementMap":{"0":{"start":{"line":1,"column":0},"end":{"line":1,"column":59}}},"fnMap":{},"branchMap":{},"s":{"0":0},"f":{},"b":{}}
,"/Users/vintvgx/Desktop/bandit.studios/studio.code/RN/dpd.stats/.expo/metro/externals/timers/index.js": {"path":"/Users/vintvgx/Desktop/bandit.studios/studio.code/RN/dpd.stats/.expo/metro/externals/timers/index.js","statementMap":{"0":{"start":{"line":1,"column":0},"end":{"line":1,"column":51}}},"fnMap":{},"branchMap":{},"s":{"0":0},"f":{},"b":{}}
,"/Users/vintvgx/Desktop/bandit.studios/studio.code/RN/dpd.stats/.expo/metro/externals/tls/index.js": {"path":"/Users/vintvgx/Desktop/bandit.studios/studio.code/RN/dpd.stats/.expo/metro/externals/tls/index.js","statementMap":{"0":{"start":{"line":1,"column":0},"end":{"line":1,"column":48}}},"fnMap":{},"branchMap":{},"s":{"0":0},"f":{},"b":{}}
,"/Users/vintvgx/Desktop/bandit.studios/studio.code/RN/dpd.stats/.expo/metro/externals/trace_events/index.js": {"path":"/Users/vintvgx/Desktop/bandit.studios/studio.code/RN/dpd.stats/.expo/metro/externals/trace_events/index.js","statementMap":{"0":{"start":{"line":1,"column":0},"end":{"line":1,"column":57}}},"fnMap":{},"branchMap":{},"s":{"0":0},"f":{},"b":{}}
,"/Users/vintvgx/Desktop/bandit.studios/studio.code/RN/dpd.stats/.expo/metro/externals/tty/index.js": {"path":"/Users/vintvgx/Desktop/bandit.studios/studio.code/RN/dpd.stats/.expo/metro/externals/tty/index.js","statementMap":{"0":{"start":{"line":1,"column":0},"end":{"line":1,"column":48}}},"fnMap":{},"branchMap":{},"s":{"0":0},"f":{},"b":{}}
,"/Users/vintvgx/Desktop/bandit.studios/studio.code/RN/dpd.stats/.expo/metro/externals/url/index.js": {"path":"/Users/vintvgx/Desktop/bandit.studios/studio.code/RN/dpd.stats/.expo/metro/externals/url/index.js","statementMap":{"0":{"start":{"line":1,"column":0},"end":{"line":1,"column":48}}},"fnMap":{},"branchMap":{},"s":{"0":0},"f":{},"b":{}}
,"/Users/vintvgx/Desktop/bandit.studios/studio.code/RN/dpd.stats/.expo/metro/externals/util/index.js": {"path":"/Users/vintvgx/Desktop/bandit.studios/studio.code/RN/dpd.stats/.expo/metro/externals/util/index.js","statementMap":{"0":{"start":{"line":1,"column":0},"end":{"line":1,"column":49}}},"fnMap":{},"branchMap":{},"s":{"0":0},"f":{},"b":{}}
,"/Users/vintvgx/Desktop/bandit.studios/studio.code/RN/dpd.stats/.expo/metro/externals/v8/index.js": {"path":"/Users/vintvgx/Desktop/bandit.studios/studio.code/RN/dpd.stats/.expo/metro/externals/v8/index.js","statementMap":{"0":{"start":{"line":1,"column":0},"end":{"line":1,"column":47}}},"fnMap":{},"branchMap":{},"s":{"0":0},"f":{},"b":{}}
,"/Users/vintvgx/Desktop/bandit.studios/studio.code/RN/dpd.stats/.expo/metro/externals/vm/index.js": {"path":"/Users/vintvgx/Desktop/bandit.studios/studio.code/RN/dpd.stats/.expo/metro/externals/vm/index.js","statementMap":{"0":{"start":{"line":1,"column":0},"end":{"line":1,"column":47}}},"fnMap":{},"branchMap":{},"s":{"0":0},"f":{},"b":{}}
,"/Users/vintvgx/Desktop/bandit.studios/studio.code/RN/dpd.stats/.expo/metro/externals/wasi/index.js": {"path":"/Users/vintvgx/Desktop/bandit.studios/studio.code/RN/dpd.stats/.expo/metro/externals/wasi/index.js","statementMap":{"0":{"start":{"line":1,"column":0},"end":{"line":1,"column":49}}},"fnMap":{},"branchMap":{},"s":{"0":0},"f":{},"b":{}}
,"/Users/vintvgx/Desktop/bandit.studios/studio.code/RN/dpd.stats/.expo/metro/externals/worker_threads/index.js": {"path":"/Users/vintvgx/Desktop/bandit.studios/studio.code/RN/dpd.stats/.expo/metro/externals/worker_threads/index.js","statementMap":{"0":{"start":{"line":1,"column":0},"end":{"line":1,"column":59}}},"fnMap":{},"branchMap":{},"s":{"0":0},"f":{},"b":{}}
,"/Users/vintvgx/Desktop/bandit.studios/studio.code/RN/dpd.stats/.expo/metro/externals/zlib/index.js": {"path":"/Users/vintvgx/Desktop/bandit.studios/studio.code/RN/dpd.stats/.expo/metro/externals/zlib/index.js","statementMap":{"0":{"start":{"line":1,"column":0},"end":{"line":1,"column":49}}},"fnMap":{},"branchMap":{},"s":{"0":0},"f":{},"b":{}}
,"/Users/vintvgx/Desktop/bandit.studios/studio.code/RN/dpd.stats/.expo/metro/shims/react-native-web/dist/cjs/exports/AppRegistry/AppContainer.js": {"path":"/Users/vintvgx/Desktop/bandit.studios/studio.code/RN/dpd.stats/.expo/metro/shims/react-native-web/dist/cjs/exports/AppRegistry/AppContainer.js","statementMap":{"0":{"start":{"line":5,"column":2},"end":{"line":5,"column":18}},"1":{"start":{"line":8,"column":0},"end":{"line":10,"column":1}},"2":{"start":{"line":9,"column":2},"end":{"line":9,"column":44}},"3":{"start":{"line":12,"column":0},"end":{"line":12,"column":30}},"4":{"start":{"line":13,"column":0},"end":{"line":13,"column":38}}},"fnMap":{"0":{"name":"AppContainer","decl":{"start":{"line":4,"column":9},"end":{"line":4,"column":21}},"loc":{"start":{"line":4,"column":36},"end":{"line":6,"column":1}},"line":4}},"branchMap":{"0":{"loc":{"start":{"line":8,"column":0},"end":{"line":10,"column":1}},"type":"if","locations":[{"start":{"line":8,"column":0},"end":{"line":10,"column":1}},{"start":{},"end":{}}],"line":8}},"s":{"0":0,"1":0,"2":0,"3":0,"4":0},"f":{"0":0},"b":{"0":[0,0]}}
,"/Users/vintvgx/Desktop/bandit.studios/studio.code/RN/dpd.stats/.expo/metro/shims/react-native-web/dist/cjs/exports/BackHandler/index.js": {"path":"/Users/vintvgx/Desktop/bandit.studios/studio.code/RN/dpd.stats/.expo/metro/shims/react-native-web/dist/cjs/exports/BackHandler/index.js","statementMap":{"0":{"start":{"line":3,"column":0},"end":{"line":3,"column":54}},"1":{"start":{"line":4,"column":18},"end":{"line":8,"column":3}},"2":{"start":{"line":6,"column":29},"end":{"line":6,"column":54}},"3":{"start":{"line":9,"column":13},"end":{"line":9,"column":24}},"4":{"start":{"line":10,"column":0},"end":{"line":10,"column":65}}},"fnMap":{"0":{"name":"emptyFunction","decl":{"start":{"line":2,"column":9},"end":{"line":2,"column":22}},"loc":{"start":{"line":2,"column":25},"end":{"line":2,"column":27}},"line":2},"1":{"name":"(anonymous_1)","decl":{"start":{"line":6,"column":22},"end":{"line":6,"column":23}},"loc":{"start":{"line":6,"column":29},"end":{"line":6,"column":54}},"line":6}},"branchMap":{},"s":{"0":0,"1":0,"2":0,"3":0,"4":0},"f":{"0":0,"1":0},"b":{}}
,"/Users/vintvgx/Desktop/bandit.studios/studio.code/RN/dpd.stats/.expo/metro/shims/react-native-web/dist/exports/AppRegistry/AppContainer.js": {"path":"/Users/vintvgx/Desktop/bandit.studios/studio.code/RN/dpd.stats/.expo/metro/shims/react-native-web/dist/exports/AppRegistry/AppContainer.js","statementMap":{"0":{"start":{"line":5,"column":2},"end":{"line":5,"column":18}},"1":{"start":{"line":8,"column":0},"end":{"line":10,"column":1}},"2":{"start":{"line":9,"column":2},"end":{"line":9,"column":44}}},"fnMap":{"0":{"name":"AppContainer","decl":{"start":{"line":4,"column":9},"end":{"line":4,"column":21}},"loc":{"start":{"line":4,"column":36},"end":{"line":6,"column":1}},"line":4}},"branchMap":{"0":{"loc":{"start":{"line":8,"column":0},"end":{"line":10,"column":1}},"type":"if","locations":[{"start":{"line":8,"column":0},"end":{"line":10,"column":1}},{"start":{},"end":{}}],"line":8}},"s":{"0":0,"1":0,"2":0},"f":{"0":0},"b":{"0":[0,0]}}
,"/Users/vintvgx/Desktop/bandit.studios/studio.code/RN/dpd.stats/.expo/metro/shims/react-native-web/dist/exports/BackHandler/index.js": {"path":"/Users/vintvgx/Desktop/bandit.studios/studio.code/RN/dpd.stats/.expo/metro/shims/react-native-web/dist/exports/BackHandler/index.js","statementMap":{"0":{"start":{"line":2,"column":18},"end":{"line":6,"column":1}},"1":{"start":{"line":4,"column":27},"end":{"line":4,"column":52}}},"fnMap":{"0":{"name":"emptyFunction","decl":{"start":{"line":1,"column":9},"end":{"line":1,"column":22}},"loc":{"start":{"line":1,"column":25},"end":{"line":1,"column":27}},"line":1},"1":{"name":"(anonymous_1)","decl":{"start":{"line":4,"column":20},"end":{"line":4,"column":21}},"loc":{"start":{"line":4,"column":27},"end":{"line":4,"column":52}},"line":4}},"branchMap":{},"s":{"0":0,"1":0},"f":{"0":0,"1":0},"b":{}}
,"/Users/vintvgx/Desktop/bandit.studios/studio.code/RN/dpd.stats/functions/index.js": {"path":"/Users/vintvgx/Desktop/bandit.studios/studio.code/RN/dpd.stats/functions/index.js","statementMap":{"0":{"start":{"line":1,"column":18},"end":{"line":1,"column":47}},"1":{"start":{"line":2,"column":14},"end":{"line":2,"column":39}},"2":{"start":{"line":3,"column":14},"end":{"line":3,"column":30}},"3":{"start":{"line":4,"column":0},"end":{"line":4,"column":27}},"4":{"start":{"line":6,"column":0},"end":{"line":6,"column":22}},"5":{"start":{"line":7,"column":11},"end":{"line":7,"column":28}},"6":{"start":{"line":8,"column":0},"end":{"line":10,"column":3}},"7":{"start":{"line":13,"column":20},"end":{"line":13,"column":51}},"8":{"start":{"line":15,"column":0},"end":{"line":89,"column":3}},"9":{"start":{"line":16,"column":16},"end":{"line":16,"column":24}},"10":{"start":{"line":21,"column":22},"end":{"line":21,"column":55}},"11":{"start":{"line":24,"column":18},"end":{"line":35,"column":3}},"12":{"start":{"line":37,"column":2},"end":{"line":37,"column":21}},"13":{"start":{"line":39,"column":20},"end":{"line":57,"column":3}},"14":{"start":{"line":59,"column":2},"end":{"line":88,"column":3}},"15":{"start":{"line":60,"column":4},"end":{"line":66,"column":71}},"16":{"start":{"line":65,"column":18},"end":{"line":65,"column":57}},"17":{"start":{"line":66,"column":24},"end":{"line":66,"column":69}},"18":{"start":{"line":68,"column":4},"end":{"line":70,"column":6}},"19":{"start":{"line":72,"column":19},"end":{"line":72,"column":38}},"20":{"start":{"line":73,"column":4},"end":{"line":76,"column":6}},"21":{"start":{"line":79,"column":4},"end":{"line":84,"column":5}},"22":{"start":{"line":80,"column":6},"end":{"line":80,"column":50}},"23":{"start":{"line":81,"column":6},"end":{"line":81,"column":61}},"24":{"start":{"line":83,"column":6},"end":{"line":83,"column":58}},"25":{"start":{"line":86,"column":4},"end":{"line":86,"column":52}},"26":{"start":{"line":87,"column":4},"end":{"line":87,"column":51}},"27":{"start":{"line":92,"column":2},"end":{"line":92,"column":61}},"28":{"start":{"line":94,"column":2},"end":{"line":94,"column":42}},"29":{"start":{"line":96,"column":2},"end":{"line":96,"column":35}},"30":{"start":{"line":98,"column":19},"end":{"line":102,"column":5}},"31":{"start":{"line":98,"column":42},"end":{"line":102,"column":3}},"32":{"start":{"line":104,"column":2},"end":{"line":104,"column":37}},"33":{"start":{"line":106,"column":2},"end":{"line":122,"column":3}},"34":{"start":{"line":107,"column":21},"end":{"line":117,"column":5}},"35":{"start":{"line":118,"column":4},"end":{"line":118,"column":61}},"36":{"start":{"line":119,"column":4},"end":{"line":119,"column":51}},"37":{"start":{"line":121,"column":4},"end":{"line":121,"column":61}},"38":{"start":{"line":125,"column":0},"end":{"line":140,"column":3}},"39":{"start":{"line":126,"column":2},"end":{"line":139,"column":3}},"40":{"start":{"line":127,"column":21},"end":{"line":134,"column":5}},"41":{"start":{"line":135,"column":4},"end":{"line":135,"column":40}},"42":{"start":{"line":137,"column":4},"end":{"line":137,"column":53}},"43":{"start":{"line":138,"column":4},"end":{"line":138,"column":53}},"44":{"start":{"line":142,"column":0},"end":{"line":162,"column":3}},"45":{"start":{"line":143,"column":22},"end":{"line":143,"column":38}},"46":{"start":{"line":145,"column":2},"end":{"line":161,"column":3}},"47":{"start":{"line":146,"column":21},"end":{"line":149,"column":5}},"48":{"start":{"line":152,"column":4},"end":{"line":152,"column":37}},"49":{"start":{"line":155,"column":4},"end":{"line":155,"column":58}},"50":{"start":{"line":156,"column":4},"end":{"line":160,"column":6}},"51":{"start":{"line":165,"column":13},"end":{"line":165,"column":30}},"52":{"start":{"line":166,"column":17},"end":{"line":166,"column":19}},"53":{"start":{"line":168,"column":2},"end":{"line":179,"column":7}},"54":{"start":{"line":172,"column":6},"end":{"line":175,"column":9}},"55":{"start":{"line":174,"column":8},"end":{"line":174,"column":32}},"56":{"start":{"line":178,"column":6},"end":{"line":178,"column":54}},"57":{"start":{"line":180,"column":2},"end":{"line":180,"column":16}},"58":{"start":{"line":184,"column":28},"end":{"line":184,"column":49}},"59":{"start":{"line":185,"column":19},"end":{"line":185,"column":48}},"60":{"start":{"line":186,"column":17},"end":{"line":186,"column":19}},"61":{"start":{"line":188,"column":2},"end":{"line":200,"column":5}},"62":{"start":{"line":189,"column":21},"end":{"line":189,"column":31}},"63":{"start":{"line":191,"column":4},"end":{"line":199,"column":5}},"64":{"start":{"line":192,"column":6},"end":{"line":198,"column":7}},"65":{"start":{"line":194,"column":8},"end":{"line":194,"column":47}},"66":{"start":{"line":195,"column":13},"end":{"line":198,"column":7}},"67":{"start":{"line":197,"column":8},"end":{"line":197,"column":44}},"68":{"start":{"line":202,"column":2},"end":{"line":202,"column":41}},"69":{"start":{"line":203,"column":2},"end":{"line":203,"column":16}}},"fnMap":{"0":{"name":"(anonymous_0)","decl":{"start":{"line":15,"column":50},"end":{"line":15,"column":51}},"loc":{"start":{"line":15,"column":70},"end":{"line":89,"column":1}},"line":15},"1":{"name":"(anonymous_1)","decl":{"start":{"line":65,"column":12},"end":{"line":65,"column":13}},"loc":{"start":{"line":65,"column":18},"end":{"line":65,"column":57}},"line":65},"2":{"name":"(anonymous_2)","decl":{"start":{"line":66,"column":13},"end":{"line":66,"column":14}},"loc":{"start":{"line":66,"column":24},"end":{"line":66,"column":69}},"line":66},"3":{"name":"sendPushNotification","decl":{"start":{"line":91,"column":15},"end":{"line":91,"column":35}},"loc":{"start":{"line":91,"column":53},"end":{"line":123,"column":1}},"line":91},"4":{"name":"(anonymous_4)","decl":{"start":{"line":98,"column":30},"end":{"line":98,"column":31}},"loc":{"start":{"line":98,"column":42},"end":{"line":102,"column":3}},"line":98},"5":{"name":"(anonymous_5)","decl":{"start":{"line":125,"column":56},"end":{"line":125,"column":57}},"loc":{"start":{"line":125,"column":76},"end":{"line":140,"column":1}},"line":125},"6":{"name":"(anonymous_6)","decl":{"start":{"line":142,"column":51},"end":{"line":142,"column":52}},"loc":{"start":{"line":142,"column":76},"end":{"line":162,"column":1}},"line":142},"7":{"name":"fetchTokens","decl":{"start":{"line":164,"column":15},"end":{"line":164,"column":26}},"loc":{"start":{"line":164,"column":29},"end":{"line":181,"column":1}},"line":164},"8":{"name":"(anonymous_8)","decl":{"start":{"line":171,"column":10},"end":{"line":171,"column":11}},"loc":{"start":{"line":171,"column":29},"end":{"line":176,"column":5}},"line":171},"9":{"name":"(anonymous_9)","decl":{"start":{"line":172,"column":28},"end":{"line":172,"column":29}},"loc":{"start":{"line":172,"column":37},"end":{"line":175,"column":7}},"line":172},"10":{"name":"(anonymous_10)","decl":{"start":{"line":177,"column":11},"end":{"line":177,"column":12}},"loc":{"start":{"line":177,"column":22},"end":{"line":179,"column":5}},"line":177},"11":{"name":"fetchAllExpoPushTokens","decl":{"start":{"line":183,"column":15},"end":{"line":183,"column":37}},"loc":{"start":{"line":183,"column":40},"end":{"line":204,"column":1}},"line":183},"12":{"name":"(anonymous_12)","decl":{"start":{"line":188,"column":19},"end":{"line":188,"column":20}},"loc":{"start":{"line":188,"column":28},"end":{"line":200,"column":3}},"line":188}},"branchMap":{"0":{"loc":{"start":{"line":21,"column":22},"end":{"line":21,"column":55}},"type":"binary-expr","locations":[{"start":{"line":21,"column":22},"end":{"line":21,"column":35}},{"start":{"line":21,"column":39},"end":{"line":21,"column":55}}],"line":21},"1":{"loc":{"start":{"line":26,"column":10},"end":{"line":26,"column":59}},"type":"binary-expr","locations":[{"start":{"line":26,"column":10},"end":{"line":26,"column":23}},{"start":{"line":26,"column":27},"end":{"line":26,"column":59}}],"line":26},"2":{"loc":{"start":{"line":53,"column":13},"end":{"line":53,"column":59}},"type":"binary-expr","locations":[{"start":{"line":53,"column":13},"end":{"line":53,"column":36}},{"start":{"line":53,"column":40},"end":{"line":53,"column":59}}],"line":53},"3":{"loc":{"start":{"line":54,"column":16},"end":{"line":54,"column":68}},"type":"binary-expr","locations":[{"start":{"line":54,"column":16},"end":{"line":54,"column":42}},{"start":{"line":54,"column":46},"end":{"line":54,"column":68}}],"line":54},"4":{"loc":{"start":{"line":55,"column":18},"end":{"line":55,"column":74}},"type":"binary-expr","locations":[{"start":{"line":55,"column":18},"end":{"line":55,"column":46}},{"start":{"line":55,"column":50},"end":{"line":55,"column":74}}],"line":55},"5":{"loc":{"start":{"line":79,"column":4},"end":{"line":84,"column":5}},"type":"if","locations":[{"start":{"line":79,"column":4},"end":{"line":84,"column":5}},{"start":{"line":82,"column":11},"end":{"line":84,"column":5}}],"line":79},"6":{"loc":{"start":{"line":191,"column":4},"end":{"line":199,"column":5}},"type":"if","locations":[{"start":{"line":191,"column":4},"end":{"line":199,"column":5}},{"start":{},"end":{}}],"line":191},"7":{"loc":{"start":{"line":192,"column":6},"end":{"line":198,"column":7}},"type":"if","locations":[{"start":{"line":192,"column":6},"end":{"line":198,"column":7}},{"start":{"line":195,"column":13},"end":{"line":198,"column":7}}],"line":192},"8":{"loc":{"start":{"line":195,"column":13},"end":{"line":198,"column":7}},"type":"if","locations":[{"start":{"line":195,"column":13},"end":{"line":198,"column":7}},{"start":{},"end":{}}],"line":195}},"s":{"0":0,"1":0,"2":0,"3":0,"4":0,"5":0,"6":0,"7":0,"8":0,"9":0,"10":0,"11":0,"12":0,"13":0,"14":0,"15":0,"16":0,"17":0,"18":0,"19":0,"20":0,"21":0,"22":0,"23":0,"24":0,"25":0,"26":0,"27":0,"28":0,"29":0,"30":0,"31":0,"32":0,"33":0,"34":0,"35":0,"36":0,"37":0,"38":0,"39":0,"40":0,"41":0,"42":0,"43":0,"44":0,"45":0,"46":0,"47":0,"48":0,"49":0,"50":0,"51":0,"52":0,"53":0,"54":0,"55":0,"56":0,"57":0,"58":0,"59":0,"60":0,"61":0,"62":0,"63":0,"64":0,"65":0,"66":0,"67":0,"68":0,"69":0},"f":{"0":0,"1":0,"2":0,"3":0,"4":0,"5":0,"6":0,"7":0,"8":0,"9":0,"10":0,"11":0,"12":0},"b":{"0":[0,0],"1":[0,0],"2":[0,0],"3":[0,0],"4":[0,0],"5":[0,0],"6":[0,0],"7":[0,0],"8":[0,0]}}
,"/Users/vintvgx/Desktop/bandit.studios/studio.code/RN/dpd.stats/src/components/EventInformation.tsx": {"path":"/Users/vintvgx/Desktop/bandit.studios/studio.code/RN/dpd.stats/src/components/EventInformation.tsx","statementMap":{"0":{"start":{"line":19,"column":58},"end":{"line":65,"column":1}},"1":{"start":{"line":29,"column":2},"end":{"line":64,"column":4}},"2":{"start":{"line":35,"column":30},"end":{"line":35,"column":56}},"3":{"start":{"line":36,"column":49},"end":{"line":36,"column":75}},"4":{"start":{"line":52,"column":20},"end":{"line":55,"column":27}},"5":{"start":{"line":69,"column":15},"end":{"line":125,"column":2}}},"fnMap":{"0":{"name":"(anonymous_0)","decl":{"start":{"line":19,"column":58},"end":{"line":19,"column":59}},"loc":{"start":{"line":23,"column":6},"end":{"line":65,"column":1}},"line":23},"1":{"name":"(anonymous_1)","decl":{"start":{"line":35,"column":24},"end":{"line":35,"column":25}},"loc":{"start":{"line":35,"column":30},"end":{"line":35,"column":56}},"line":35},"2":{"name":"(anonymous_2)","decl":{"start":{"line":36,"column":43},"end":{"line":36,"column":44}},"loc":{"start":{"line":36,"column":49},"end":{"line":36,"column":75}},"line":36},"3":{"name":"(anonymous_3)","decl":{"start":{"line":51,"column":43},"end":{"line":51,"column":44}},"loc":{"start":{"line":52,"column":20},"end":{"line":55,"column":27}},"line":52}},"branchMap":{},"s":{"0":0,"1":0,"2":0,"3":0,"4":0,"5":0},"f":{"0":0,"1":0,"2":0,"3":0},"b":{}}
,"/Users/vintvgx/Desktop/bandit.studios/studio.code/RN/dpd.stats/src/components/EventViewer.tsx": {"path":"/Users/vintvgx/Desktop/bandit.studios/studio.code/RN/dpd.stats/src/components/EventViewer.tsx","statementMap":{"0":{"start":{"line":36,"column":48},"end":{"line":267,"column":1}},"1":{"start":{"line":41,"column":32},"end":{"line":41,"column":45}},"2":{"start":{"line":43,"column":17},"end":{"line":43,"column":23}},"3":{"start":{"line":44,"column":25},"end":{"line":44,"column":46}},"4":{"start":{"line":45,"column":44},"end":{"line":45,"column":78}},"5":{"start":{"line":46,"column":50},"end":{"line":46,"column":65}},"6":{"start":{"line":47,"column":50},"end":{"line":47,"column":74}},"7":{"start":{"line":48,"column":44},"end":{"line":48,"column":71}},"8":{"start":{"line":50,"column":2},"end":{"line":70,"column":18}},"9":{"start":{"line":51,"column":4},"end":{"line":69,"column":5}},"10":{"start":{"line":52,"column":26},"end":{"line":59,"column":7}},"11":{"start":{"line":53,"column":8},"end":{"line":53,"column":36}},"12":{"start":{"line":54,"column":8},"end":{"line":58,"column":19}},"13":{"start":{"line":60,"column":6},"end":{"line":60,"column":20}},"14":{"start":{"line":62,"column":6},"end":{"line":68,"column":9}},"15":{"start":{"line":67,"column":8},"end":{"line":67,"column":35}},"16":{"start":{"line":72,"column":2},"end":{"line":74,"column":15}},"17":{"start":{"line":73,"column":4},"end":{"line":73,"column":29}},"18":{"start":{"line":76,"column":30},"end":{"line":103,"column":24}},"19":{"start":{"line":77,"column":4},"end":{"line":77,"column":30}},"20":{"start":{"line":78,"column":4},"end":{"line":102,"column":5}},"21":{"start":{"line":79,"column":22},"end":{"line":96,"column":7}},"22":{"start":{"line":81,"column":10},"end":{"line":93,"column":11}},"23":{"start":{"line":82,"column":33},"end":{"line":84,"column":22}},"24":{"start":{"line":85,"column":12},"end":{"line":91,"column":14}},"25":{"start":{"line":92,"column":12},"end":{"line":92,"column":56}},"26":{"start":{"line":94,"column":10},"end":{"line":94,"column":23}},"27":{"start":{"line":97,"column":6},"end":{"line":97,"column":32}},"28":{"start":{"line":99,"column":6},"end":{"line":99,"column":60}},"29":{"start":{"line":101,"column":6},"end":{"line":101,"column":33}},"30":{"start":{"line":105,"column":30},"end":{"line":116,"column":3}},"31":{"start":{"line":118,"column":30},"end":{"line":121,"column":3}},"32":{"start":{"line":119,"column":4},"end":{"line":119,"column":28}},"33":{"start":{"line":120,"column":4},"end":{"line":120,"column":30}},"34":{"start":{"line":123,"column":24},"end":{"line":180,"column":3}},"35":{"start":{"line":124,"column":26},"end":{"line":129,"column":5}},"36":{"start":{"line":131,"column":4},"end":{"line":179,"column":6}},"37":{"start":{"line":144,"column":18},"end":{"line":144,"column":58}},"38":{"start":{"line":155,"column":14},"end":{"line":155,"column":41}},"39":{"start":{"line":156,"column":14},"end":{"line":156,"column":42}},"40":{"start":{"line":182,"column":2},"end":{"line":266,"column":4}},"41":{"start":{"line":200,"column":14},"end":{"line":248,"column":21}},"42":{"start":{"line":202,"column":51},"end":{"line":202,"column":77}},"43":{"start":{"line":269,"column":15},"end":{"line":399,"column":4}},"44":{"start":{"line":270,"column":2},"end":{"line":399,"column":4}}},"fnMap":{"0":{"name":"(anonymous_0)","decl":{"start":{"line":36,"column":48},"end":{"line":36,"column":49}},"loc":{"start":{"line":40,"column":6},"end":{"line":267,"column":1}},"line":40},"1":{"name":"(anonymous_1)","decl":{"start":{"line":50,"column":12},"end":{"line":50,"column":13}},"loc":{"start":{"line":50,"column":18},"end":{"line":70,"column":3}},"line":50},"2":{"name":"(anonymous_2)","decl":{"start":{"line":52,"column":26},"end":{"line":52,"column":27}},"loc":{"start":{"line":52,"column":38},"end":{"line":59,"column":7}},"line":52},"3":{"name":"(anonymous_3)","decl":{"start":{"line":66,"column":15},"end":{"line":66,"column":16}},"loc":{"start":{"line":66,"column":21},"end":{"line":68,"column":7}},"line":66},"4":{"name":"(anonymous_4)","decl":{"start":{"line":72,"column":12},"end":{"line":72,"column":13}},"loc":{"start":{"line":72,"column":18},"end":{"line":74,"column":3}},"line":72},"5":{"name":"(anonymous_5)","decl":{"start":{"line":76,"column":42},"end":{"line":76,"column":43}},"loc":{"start":{"line":76,"column":54},"end":{"line":103,"column":3}},"line":76},"6":{"name":"(anonymous_6)","decl":{"start":{"line":80,"column":19},"end":{"line":80,"column":20}},"loc":{"start":{"line":80,"column":36},"end":{"line":95,"column":9}},"line":80},"7":{"name":"(anonymous_7)","decl":{"start":{"line":118,"column":30},"end":{"line":118,"column":31}},"loc":{"start":{"line":118,"column":54},"end":{"line":121,"column":3}},"line":118},"8":{"name":"(anonymous_8)","decl":{"start":{"line":123,"column":24},"end":{"line":123,"column":25}},"loc":{"start":{"line":123,"column":63},"end":{"line":180,"column":3}},"line":123},"9":{"name":"(anonymous_9)","decl":{"start":{"line":143,"column":25},"end":{"line":143,"column":26}},"loc":{"start":{"line":143,"column":31},"end":{"line":145,"column":17}},"line":143},"10":{"name":"(anonymous_10)","decl":{"start":{"line":154,"column":21},"end":{"line":154,"column":22}},"loc":{"start":{"line":154,"column":27},"end":{"line":157,"column":13}},"line":154},"11":{"name":"(anonymous_11)","decl":{"start":{"line":199,"column":31},"end":{"line":199,"column":32}},"loc":{"start":{"line":200,"column":14},"end":{"line":248,"column":21}},"line":200},"12":{"name":"(anonymous_12)","decl":{"start":{"line":202,"column":45},"end":{"line":202,"column":46}},"loc":{"start":{"line":202,"column":51},"end":{"line":202,"column":77}},"line":202},"13":{"name":"(anonymous_13)","decl":{"start":{"line":269,"column":15},"end":{"line":269,"column":16}},"loc":{"start":{"line":270,"column":2},"end":{"line":399,"column":4}},"line":270}},"branchMap":{"0":{"loc":{"start":{"line":51,"column":4},"end":{"line":69,"column":5}},"type":"if","locations":[{"start":{"line":51,"column":4},"end":{"line":69,"column":5}},{"start":{"line":61,"column":11},"end":{"line":69,"column":5}}],"line":51},"1":{"loc":{"start":{"line":81,"column":10},"end":{"line":93,"column":11}},"type":"if","locations":[{"start":{"line":81,"column":10},"end":{"line":93,"column":11}},{"start":{},"end":{}}],"line":81},"2":{"loc":{"start":{"line":81,"column":14},"end":{"line":81,"column":55}},"type":"binary-expr","locations":[{"start":{"line":81,"column":14},"end":{"line":81,"column":29}},{"start":{"line":81,"column":33},"end":{"line":81,"column":55}}],"line":81},"3":{"loc":{"start":{"line":133,"column":9},"end":{"line":177,"column":9}},"type":"cond-expr","locations":[{"start":{"line":134,"column":10},"end":{"line":151,"column":17}},{"start":{"line":153,"column":10},"end":{"line":176,"column":20}}],"line":133},"4":{"loc":{"start":{"line":133,"column":9},"end":{"line":133,"column":44}},"type":"binary-expr","locations":[{"start":{"line":133,"column":9},"end":{"line":133,"column":25}},{"start":{"line":133,"column":29},"end":{"line":133,"column":44}}],"line":133},"5":{"loc":{"start":{"line":135,"column":13},"end":{"line":140,"column":13}},"type":"binary-expr","locations":[{"start":{"line":135,"column":13},"end":{"line":135,"column":29}},{"start":{"line":136,"column":14},"end":{"line":139,"column":16}}],"line":135},"6":{"loc":{"start":{"line":138,"column":23},"end":{"line":138,"column":64}},"type":"cond-expr","locations":[{"start":{"line":138,"column":43},"end":{"line":138,"column":52}},{"start":{"line":138,"column":55},"end":{"line":138,"column":64}}],"line":138},"7":{"loc":{"start":{"line":141,"column":13},"end":{"line":150,"column":13}},"type":"binary-expr","locations":[{"start":{"line":141,"column":13},"end":{"line":141,"column":30}},{"start":{"line":141,"column":34},"end":{"line":141,"column":49}},{"start":{"line":142,"column":14},"end":{"line":149,"column":33}}],"line":141},"8":{"loc":{"start":{"line":192,"column":15},"end":{"line":192,"column":60}},"type":"cond-expr","locations":[{"start":{"line":192,"column":35},"end":{"line":192,"column":50}},{"start":{"line":192,"column":53},"end":{"line":192,"column":60}}],"line":192},"9":{"loc":{"start":{"line":218,"column":21},"end":{"line":220,"column":46}},"type":"cond-expr","locations":[{"start":{"line":219,"column":24},"end":{"line":219,"column":40}},{"start":{"line":220,"column":24},"end":{"line":220,"column":46}}],"line":218},"10":{"loc":{"start":{"line":232,"column":21},"end":{"line":245,"column":21}},"type":"cond-expr","locations":[{"start":{"line":233,"column":22},"end":{"line":235,"column":29}},{"start":{"line":236,"column":24},"end":{"line":245,"column":21}}],"line":232},"11":{"loc":{"start":{"line":236,"column":24},"end":{"line":245,"column":21}},"type":"cond-expr","locations":[{"start":{"line":237,"column":22},"end":{"line":240,"column":29}},{"start":{"line":242,"column":22},"end":{"line":244,"column":29}}],"line":236},"12":{"loc":{"start":{"line":236,"column":24},"end":{"line":236,"column":61}},"type":"binary-expr","locations":[{"start":{"line":236,"column":24},"end":{"line":236,"column":38}},{"start":{"line":236,"column":42},"end":{"line":236,"column":61}}],"line":236},"13":{"loc":{"start":{"line":257,"column":9},"end":{"line":263,"column":9}},"type":"binary-expr","locations":[{"start":{"line":257,"column":9},"end":{"line":257,"column":22}},{"start":{"line":258,"column":10},"end":{"line":262,"column":12}}],"line":257},"14":{"loc":{"start":{"line":280,"column":23},"end":{"line":280,"column":64}},"type":"cond-expr","locations":[{"start":{"line":280,"column":43},"end":{"line":280,"column":52}},{"start":{"line":280,"column":55},"end":{"line":280,"column":64}}],"line":280},"15":{"loc":{"start":{"line":294,"column":23},"end":{"line":294,"column":58}},"type":"cond-expr","locations":[{"start":{"line":294,"column":43},"end":{"line":294,"column":49}},{"start":{"line":294,"column":52},"end":{"line":294,"column":58}}],"line":294},"16":{"loc":{"start":{"line":303,"column":13},"end":{"line":303,"column":54}},"type":"cond-expr","locations":[{"start":{"line":303,"column":33},"end":{"line":303,"column":42}},{"start":{"line":303,"column":45},"end":{"line":303,"column":54}}],"line":303},"17":{"loc":{"start":{"line":316,"column":13},"end":{"line":316,"column":54}},"type":"cond-expr","locations":[{"start":{"line":316,"column":33},"end":{"line":316,"column":42}},{"start":{"line":316,"column":45},"end":{"line":316,"column":54}}],"line":316},"18":{"loc":{"start":{"line":321,"column":13},"end":{"line":321,"column":54}},"type":"cond-expr","locations":[{"start":{"line":321,"column":33},"end":{"line":321,"column":42}},{"start":{"line":321,"column":45},"end":{"line":321,"column":54}}],"line":321},"19":{"loc":{"start":{"line":327,"column":13},"end":{"line":327,"column":54}},"type":"cond-expr","locations":[{"start":{"line":327,"column":33},"end":{"line":327,"column":42}},{"start":{"line":327,"column":45},"end":{"line":327,"column":54}}],"line":327},"20":{"loc":{"start":{"line":332,"column":13},"end":{"line":332,"column":54}},"type":"cond-expr","locations":[{"start":{"line":332,"column":33},"end":{"line":332,"column":42}},{"start":{"line":332,"column":45},"end":{"line":332,"column":54}}],"line":332},"21":{"loc":{"start":{"line":356,"column":23},"end":{"line":356,"column":58}},"type":"cond-expr","locations":[{"start":{"line":356,"column":43},"end":{"line":356,"column":49}},{"start":{"line":356,"column":52},"end":{"line":356,"column":58}}],"line":356},"22":{"loc":{"start":{"line":364,"column":8},"end":{"line":366,"column":38}},"type":"cond-expr","locations":[{"start":{"line":365,"column":12},"end":{"line":365,"column":35}},{"start":{"line":366,"column":12},"end":{"line":366,"column":38}}],"line":364},"23":{"loc":{"start":{"line":377,"column":13},"end":{"line":377,"column":54}},"type":"cond-expr","locations":[{"start":{"line":377,"column":33},"end":{"line":377,"column":42}},{"start":{"line":377,"column":45},"end":{"line":377,"column":54}}],"line":377},"24":{"loc":{"start":{"line":383,"column":13},"end":{"line":383,"column":54}},"type":"cond-expr","locations":[{"start":{"line":383,"column":33},"end":{"line":383,"column":42}},{"start":{"line":383,"column":45},"end":{"line":383,"column":54}}],"line":383},"25":{"loc":{"start":{"line":394,"column":13},"end":{"line":394,"column":54}},"type":"cond-expr","locations":[{"start":{"line":394,"column":33},"end":{"line":394,"column":42}},{"start":{"line":394,"column":45},"end":{"line":394,"column":54}}],"line":394}},"s":{"0":0,"1":0,"2":0,"3":0,"4":0,"5":0,"6":0,"7":0,"8":0,"9":0,"10":0,"11":0,"12":0,"13":0,"14":0,"15":0,"16":0,"17":0,"18":0,"19":0,"20":0,"21":0,"22":0,"23":0,"24":0,"25":0,"26":0,"27":0,"28":0,"29":0,"30":0,"31":0,"32":0,"33":0,"34":0,"35":0,"36":0,"37":0,"38":0,"39":0,"40":0,"41":0,"42":0,"43":0,"44":0},"f":{"0":0,"1":0,"2":0,"3":0,"4":0,"5":0,"6":0,"7":0,"8":0,"9":0,"10":0,"11":0,"12":0,"13":0},"b":{"0":[0,0],"1":[0,0],"2":[0,0],"3":[0,0],"4":[0,0],"5":[0,0],"6":[0,0],"7":[0,0,0],"8":[0,0],"9":[0,0],"10":[0,0],"11":[0,0],"12":[0,0],"13":[0,0],"14":[0,0],"15":[0,0],"16":[0,0],"17":[0,0],"18":[0,0],"19":[0,0],"20":[0,0],"21":[0,0],"22":[0,0],"23":[0,0],"24":[0,0],"25":[0,0]}}
,"/Users/vintvgx/Desktop/bandit.studios/studio.code/RN/dpd.stats/src/components/Header.tsx": {"path":"/Users/vintvgx/Desktop/bandit.studios/studio.code/RN/dpd.stats/src/components/Header.tsx","statementMap":{"0":{"start":{"line":14,"column":38},"end":{"line":39,"column":1}},"1":{"start":{"line":15,"column":21},"end":{"line":15,"column":52}},"2":{"start":{"line":18,"column":17},"end":{"line":18,"column":23}},"3":{"start":{"line":19,"column":26},"end":{"line":19,"column":61}},"4":{"start":{"line":20,"column":16},"end":{"line":20,"column":51}},"5":{"start":{"line":22,"column":2},"end":{"line":28,"column":17}},"6":{"start":{"line":23,"column":4},"end":{"line":27,"column":15}},"7":{"start":{"line":30,"column":2},"end":{"line":38,"column":4}},"8":{"start":{"line":43,"column":15},"end":{"line":59,"column":2}}},"fnMap":{"0":{"name":"(anonymous_0)","decl":{"start":{"line":14,"column":38},"end":{"line":14,"column":39}},"loc":{"start":{"line":14,"column":55},"end":{"line":39,"column":1}},"line":14},"1":{"name":"(anonymous_1)","decl":{"start":{"line":22,"column":12},"end":{"line":22,"column":13}},"loc":{"start":{"line":22,"column":18},"end":{"line":28,"column":3}},"line":22}},"branchMap":{"0":{"loc":{"start":{"line":19,"column":26},"end":{"line":19,"column":61}},"type":"cond-expr","locations":[{"start":{"line":19,"column":46},"end":{"line":19,"column":52}},{"start":{"line":19,"column":55},"end":{"line":19,"column":61}}],"line":19},"1":{"loc":{"start":{"line":20,"column":16},"end":{"line":20,"column":51}},"type":"cond-expr","locations":[{"start":{"line":20,"column":36},"end":{"line":20,"column":42}},{"start":{"line":20,"column":45},"end":{"line":20,"column":51}}],"line":20}},"s":{"0":0,"1":0,"2":0,"3":0,"4":0,"5":0,"6":0,"7":0,"8":0},"f":{"0":0,"1":0},"b":{"0":[0,0],"1":[0,0]}}
,"/Users/vintvgx/Desktop/bandit.studios/studio.code/RN/dpd.stats/src/components/IssueCard.tsx": {"path":"/Users/vintvgx/Desktop/bandit.studios/studio.code/RN/dpd.stats/src/components/IssueCard.tsx","statementMap":{"0":{"start":{"line":17,"column":18},"end":{"line":52,"column":2}},"1":{"start":{"line":19,"column":17},"end":{"line":19,"column":23}},"2":{"start":{"line":20,"column":22},"end":{"line":20,"column":64}},"3":{"start":{"line":23,"column":20},"end":{"line":26,"column":3}},"4":{"start":{"line":29,"column":4},"end":{"line":29,"column":62}},"5":{"start":{"line":31,"column":2},"end":{"line":51,"column":4}},"6":{"start":{"line":56,"column":15},"end":{"line":124,"column":2}}},"fnMap":{"0":{"name":"(anonymous_0)","decl":{"start":{"line":17,"column":45},"end":{"line":17,"column":46}},"loc":{"start":{"line":17,"column":76},"end":{"line":52,"column":1}},"line":17}},"branchMap":{"0":{"loc":{"start":{"line":20,"column":22},"end":{"line":20,"column":64}},"type":"cond-expr","locations":[{"start":{"line":20,"column":37},"end":{"line":20,"column":56}},{"start":{"line":20,"column":59},"end":{"line":20,"column":64}}],"line":20},"1":{"loc":{"start":{"line":24,"column":4},"end":{"line":24,"column":58}},"type":"cond-expr","locations":[{"start":{"line":24,"column":24},"end":{"line":24,"column":39}},{"start":{"line":24,"column":42},"end":{"line":24,"column":58}}],"line":24},"2":{"loc":{"start":{"line":25,"column":4},"end":{"line":25,"column":28}},"type":"binary-expr","locations":[{"start":{"line":25,"column":4},"end":{"line":25,"column":9}},{"start":{"line":25,"column":13},"end":{"line":25,"column":28}}],"line":25},"3":{"loc":{"start":{"line":29,"column":4},"end":{"line":29,"column":62}},"type":"cond-expr","locations":[{"start":{"line":29,"column":24},"end":{"line":29,"column":41}},{"start":{"line":29,"column":44},"end":{"line":29,"column":62}}],"line":29},"4":{"loc":{"start":{"line":33,"column":19},"end":{"line":33,"column":75}},"type":"cond-expr","locations":[{"start":{"line":33,"column":39},"end":{"line":33,"column":55}},{"start":{"line":33,"column":58},"end":{"line":33,"column":75}}],"line":33},"5":{"loc":{"start":{"line":45,"column":7},"end":{"line":49,"column":7}},"type":"binary-expr","locations":[{"start":{"line":45,"column":7},"end":{"line":45,"column":12}},{"start":{"line":46,"column":8},"end":{"line":48,"column":15}}],"line":45}},"s":{"0":0,"1":0,"2":0,"3":0,"4":0,"5":0,"6":0},"f":{"0":0},"b":{"0":[0,0],"1":[0,0],"2":[0,0],"3":[0,0],"4":[0,0],"5":[0,0]}}
,"/Users/vintvgx/Desktop/bandit.studios/studio.code/RN/dpd.stats/src/components/MapViewModal.tsx": {"path":"/Users/vintvgx/Desktop/bandit.studios/studio.code/RN/dpd.stats/src/components/MapViewModal.tsx","statementMap":{"0":{"start":{"line":20,"column":50},"end":{"line":53,"column":1}},"1":{"start":{"line":25,"column":2},"end":{"line":25,"column":26}},"2":{"start":{"line":25,"column":14},"end":{"line":25,"column":26}},"3":{"start":{"line":27,"column":2},"end":{"line":52,"column":4}},"4":{"start":{"line":41,"column":12},"end":{"line":46,"column":19}},"5":{"start":{"line":57,"column":15},"end":{"line":89,"column":2}}},"fnMap":{"0":{"name":"(anonymous_0)","decl":{"start":{"line":20,"column":50},"end":{"line":20,"column":51}},"loc":{"start":{"line":24,"column":6},"end":{"line":53,"column":1}},"line":24},"1":{"name":"(anonymous_1)","decl":{"start":{"line":40,"column":29},"end":{"line":40,"column":30}},"loc":{"start":{"line":41,"column":12},"end":{"line":46,"column":19}},"line":41}},"branchMap":{"0":{"loc":{"start":{"line":25,"column":2},"end":{"line":25,"column":26}},"type":"if","locations":[{"start":{"line":25,"column":2},"end":{"line":25,"column":26}},{"start":{},"end":{}}],"line":25},"1":{"loc":{"start":{"line":36,"column":30},"end":{"line":36,"column":55}},"type":"binary-expr","locations":[{"start":{"line":36,"column":30},"end":{"line":36,"column":46}},{"start":{"line":36,"column":50},"end":{"line":36,"column":55}}],"line":36}},"s":{"0":0,"1":0,"2":0,"3":0,"4":0,"5":0},"f":{"0":0,"1":0},"b":{"0":[0,0],"1":[0,0]}}
,"/Users/vintvgx/Desktop/bandit.studios/studio.code/RN/dpd.stats/src/components/ProjectCard.tsx": {"path":"/Users/vintvgx/Desktop/bandit.studios/studio.code/RN/dpd.stats/src/components/ProjectCard.tsx","statementMap":{"0":{"start":{"line":19,"column":48},"end":{"line":91,"column":1}},"1":{"start":{"line":20,"column":17},"end":{"line":20,"column":23}},"2":{"start":{"line":23,"column":20},"end":{"line":38,"column":3}},"3":{"start":{"line":40,"column":20},"end":{"line":44,"column":3}},"4":{"start":{"line":46,"column":26},"end":{"line":50,"column":3}},"5":{"start":{"line":52,"column":23},"end":{"line":52,"column":72}},"6":{"start":{"line":52,"column":30},"end":{"line":52,"column":71}},"7":{"start":{"line":54,"column":2},"end":{"line":90,"column":4}},"8":{"start":{"line":93,"column":15},"end":{"line":102,"column":2}}},"fnMap":{"0":{"name":"(anonymous_0)","decl":{"start":{"line":19,"column":48},"end":{"line":19,"column":49}},"loc":{"start":{"line":19,"column":74},"end":{"line":91,"column":1}},"line":19},"1":{"name":"(anonymous_1)","decl":{"start":{"line":52,"column":23},"end":{"line":52,"column":24}},"loc":{"start":{"line":52,"column":30},"end":{"line":52,"column":71}},"line":52}},"branchMap":{"0":{"loc":{"start":{"line":24,"column":21},"end":{"line":24,"column":62}},"type":"cond-expr","locations":[{"start":{"line":24,"column":41},"end":{"line":24,"column":50}},{"start":{"line":24,"column":53},"end":{"line":24,"column":62}}],"line":24},"1":{"loc":{"start":{"line":28,"column":17},"end":{"line":28,"column":58}},"type":"cond-expr","locations":[{"start":{"line":28,"column":37},"end":{"line":28,"column":46}},{"start":{"line":28,"column":49},"end":{"line":28,"column":58}}],"line":28},"2":{"loc":{"start":{"line":30,"column":19},"end":{"line":30,"column":50}},"type":"cond-expr","locations":[{"start":{"line":30,"column":39},"end":{"line":30,"column":43}},{"start":{"line":30,"column":46},"end":{"line":30,"column":50}}],"line":30},"3":{"loc":{"start":{"line":42,"column":11},"end":{"line":42,"column":52}},"type":"cond-expr","locations":[{"start":{"line":42,"column":31},"end":{"line":42,"column":40}},{"start":{"line":42,"column":43},"end":{"line":42,"column":52}}],"line":42},"4":{"loc":{"start":{"line":48,"column":11},"end":{"line":48,"column":52}},"type":"cond-expr","locations":[{"start":{"line":48,"column":31},"end":{"line":48,"column":40}},{"start":{"line":48,"column":43},"end":{"line":48,"column":52}}],"line":48},"5":{"loc":{"start":{"line":52,"column":30},"end":{"line":52,"column":71}},"type":"cond-expr","locations":[{"start":{"line":52,"column":50},"end":{"line":52,"column":59}},{"start":{"line":52,"column":62},"end":{"line":52,"column":71}}],"line":52},"6":{"loc":{"start":{"line":69,"column":12},"end":{"line":71,"column":40}},"type":"cond-expr","locations":[{"start":{"line":70,"column":16},"end":{"line":70,"column":28}},{"start":{"line":71,"column":16},"end":{"line":71,"column":40}}],"line":69},"7":{"loc":{"start":{"line":78,"column":9},"end":{"line":87,"column":9}},"type":"cond-expr","locations":[{"start":{"line":79,"column":10},"end":{"line":84,"column":13}},{"start":{"line":86,"column":10},"end":{"line":86,"column":67}}],"line":78},"8":{"loc":{"start":{"line":81,"column":15},"end":{"line":81,"column":69}},"type":"cond-expr","locations":[{"start":{"line":81,"column":49},"end":{"line":81,"column":57}},{"start":{"line":81,"column":60},"end":{"line":81,"column":69}}],"line":81}},"s":{"0":0,"1":0,"2":0,"3":0,"4":0,"5":0,"6":0,"7":0,"8":0},"f":{"0":0,"1":0},"b":{"0":[0,0],"1":[0,0],"2":[0,0],"3":[0,0],"4":[0,0],"5":[0,0],"6":[0,0],"7":[0,0],"8":[0,0]}}
,"/Users/vintvgx/Desktop/bandit.studios/studio.code/RN/dpd.stats/src/components/ProjectOptionModal.tsx": {"path":"/Users/vintvgx/Desktop/bandit.studios/studio.code/RN/dpd.stats/src/components/ProjectOptionModal.tsx","statementMap":{"0":{"start":{"line":13,"column":62},"end":{"line":38,"column":1}},"1":{"start":{"line":20,"column":2},"end":{"line":37,"column":4}},"2":{"start":{"line":42,"column":15},"end":{"line":48,"column":2}}},"fnMap":{"0":{"name":"(anonymous_0)","decl":{"start":{"line":13,"column":62},"end":{"line":13,"column":63}},"loc":{"start":{"line":19,"column":6},"end":{"line":38,"column":1}},"line":19}},"branchMap":{},"s":{"0":0,"1":0,"2":0},"f":{"0":0},"b":{}}
,"/Users/vintvgx/Desktop/bandit.studios/studio.code/RN/dpd.stats/src/components/ProjectPieChart.tsx": {"path":"/Users/vintvgx/Desktop/bandit.studios/studio.code/RN/dpd.stats/src/components/ProjectPieChart.tsx","statementMap":{"0":{"start":{"line":6,"column":20},"end":{"line":6,"column":50}},"1":{"start":{"line":14,"column":55},"end":{"line":60,"column":1}},"2":{"start":{"line":19,"column":15},"end":{"line":41,"column":3}},"3":{"start":{"line":43,"column":2},"end":{"line":59,"column":4}},"4":{"start":{"line":52,"column":32},"end":{"line":52,"column":59}}},"fnMap":{"0":{"name":"(anonymous_0)","decl":{"start":{"line":14,"column":55},"end":{"line":14,"column":56}},"loc":{"start":{"line":18,"column":6},"end":{"line":60,"column":1}},"line":18},"1":{"name":"(anonymous_1)","decl":{"start":{"line":52,"column":15},"end":{"line":52,"column":16}},"loc":{"start":{"line":52,"column":32},"end":{"line":52,"column":59}},"line":52}},"branchMap":{"0":{"loc":{"start":{"line":52,"column":16},"end":{"line":52,"column":27}},"type":"default-arg","locations":[{"start":{"line":52,"column":26},"end":{"line":52,"column":27}}],"line":52}},"s":{"0":0,"1":0,"2":0,"3":0,"4":0},"f":{"0":0,"1":0},"b":{"0":[0]}}
,"/Users/vintvgx/Desktop/bandit.studios/studio.code/RN/dpd.stats/src/components/PulseLight.tsx": {"path":"/Users/vintvgx/Desktop/bandit.studios/studio.code/RN/dpd.stats/src/components/PulseLight.tsx","statementMap":{"0":{"start":{"line":6,"column":26},"end":{"line":38,"column":1}},"1":{"start":{"line":7,"column":24},"end":{"line":7,"column":45}},"2":{"start":{"line":9,"column":2},"end":{"line":24,"column":9}},"3":{"start":{"line":10,"column":4},"end":{"line":23,"column":14}},"4":{"start":{"line":26,"column":2},"end":{"line":37,"column":4}},"5":{"start":{"line":40,"column":15},"end":{"line":56,"column":2}}},"fnMap":{"0":{"name":"(anonymous_0)","decl":{"start":{"line":6,"column":26},"end":{"line":6,"column":27}},"loc":{"start":{"line":6,"column":32},"end":{"line":38,"column":1}},"line":6},"1":{"name":"(anonymous_1)","decl":{"start":{"line":9,"column":12},"end":{"line":9,"column":13}},"loc":{"start":{"line":9,"column":18},"end":{"line":24,"column":3}},"line":9}},"branchMap":{},"s":{"0":0,"1":0,"2":0,"3":0,"4":0,"5":0},"f":{"0":0,"1":0},"b":{}}
,"/Users/vintvgx/Desktop/bandit.studios/studio.code/RN/dpd.stats/src/components/SentryCard.tsx": {"path":"/Users/vintvgx/Desktop/bandit.studios/studio.code/RN/dpd.stats/src/components/SentryCard.tsx","statementMap":{"0":{"start":{"line":23,"column":19},"end":{"line":149,"column":1}},"1":{"start":{"line":25,"column":19},"end":{"line":25,"column":25}},"2":{"start":{"line":26,"column":24},"end":{"line":26,"column":64}},"3":{"start":{"line":27,"column":34},"end":{"line":27,"column":47}},"4":{"start":{"line":28,"column":21},"end":{"line":28,"column":58}},"5":{"start":{"line":29,"column":22},"end":{"line":29,"column":59}},"6":{"start":{"line":31,"column":22},"end":{"line":34,"column":5}},"7":{"start":{"line":36,"column":29},"end":{"line":39,"column":5}},"8":{"start":{"line":42,"column":6},"end":{"line":42,"column":64}},"9":{"start":{"line":44,"column":26},"end":{"line":107,"column":5}},"10":{"start":{"line":45,"column":6},"end":{"line":106,"column":8}},"11":{"start":{"line":56,"column":14},"end":{"line":56,"column":35}},"12":{"start":{"line":57,"column":14},"end":{"line":102,"column":17}},"13":{"start":{"line":63,"column":16},"end":{"line":101,"column":17}},"14":{"start":{"line":65,"column":18},"end":{"line":71,"column":21}},"15":{"start":{"line":70,"column":20},"end":{"line":70,"column":38}},"16":{"start":{"line":74,"column":18},"end":{"line":100,"column":29}},"17":{"start":{"line":109,"column":4},"end":{"line":147,"column":6}},"18":{"start":{"line":153,"column":15},"end":{"line":238,"column":2}}},"fnMap":{"0":{"name":"(anonymous_0)","decl":{"start":{"line":24,"column":2},"end":{"line":24,"column":3}},"loc":{"start":{"line":24,"column":42},"end":{"line":148,"column":3}},"line":24},"1":{"name":"(anonymous_1)","decl":{"start":{"line":44,"column":26},"end":{"line":44,"column":27}},"loc":{"start":{"line":44,"column":32},"end":{"line":107,"column":5}},"line":44},"2":{"name":"(anonymous_2)","decl":{"start":{"line":55,"column":21},"end":{"line":55,"column":22}},"loc":{"start":{"line":55,"column":27},"end":{"line":103,"column":13}},"line":55},"3":{"name":"(anonymous_3)","decl":{"start":{"line":62,"column":21},"end":{"line":62,"column":22}},"loc":{"start":{"line":62,"column":33},"end":{"line":102,"column":15}},"line":62},"4":{"name":"(anonymous_4)","decl":{"start":{"line":69,"column":27},"end":{"line":69,"column":28}},"loc":{"start":{"line":69,"column":33},"end":{"line":71,"column":19}},"line":69}},"branchMap":{"0":{"loc":{"start":{"line":26,"column":24},"end":{"line":26,"column":64}},"type":"cond-expr","locations":[{"start":{"line":26,"column":38},"end":{"line":26,"column":56}},{"start":{"line":26,"column":59},"end":{"line":26,"column":64}}],"line":26},"1":{"loc":{"start":{"line":32,"column":6},"end":{"line":32,"column":60}},"type":"cond-expr","locations":[{"start":{"line":32,"column":26},"end":{"line":32,"column":41}},{"start":{"line":32,"column":44},"end":{"line":32,"column":60}}],"line":32},"2":{"loc":{"start":{"line":33,"column":6},"end":{"line":33,"column":30}},"type":"binary-expr","locations":[{"start":{"line":33,"column":6},"end":{"line":33,"column":11}},{"start":{"line":33,"column":15},"end":{"line":33,"column":30}}],"line":33},"3":{"loc":{"start":{"line":38,"column":25},"end":{"line":38,"column":70}},"type":"cond-expr","locations":[{"start":{"line":38,"column":49},"end":{"line":38,"column":58}},{"start":{"line":38,"column":61},"end":{"line":38,"column":70}}],"line":38},"4":{"loc":{"start":{"line":42,"column":6},"end":{"line":42,"column":64}},"type":"cond-expr","locations":[{"start":{"line":42,"column":26},"end":{"line":42,"column":43}},{"start":{"line":42,"column":46},"end":{"line":42,"column":64}}],"line":42},"5":{"loc":{"start":{"line":63,"column":16},"end":{"line":101,"column":17}},"type":"if","locations":[{"start":{"line":63,"column":16},"end":{"line":101,"column":17}},{"start":{"line":72,"column":23},"end":{"line":101,"column":17}}],"line":63},"6":{"loc":{"start":{"line":119,"column":21},"end":{"line":119,"column":77}},"type":"cond-expr","locations":[{"start":{"line":119,"column":41},"end":{"line":119,"column":57}},{"start":{"line":119,"column":60},"end":{"line":119,"column":77}}],"line":119},"7":{"loc":{"start":{"line":136,"column":9},"end":{"line":140,"column":9}},"type":"binary-expr","locations":[{"start":{"line":136,"column":9},"end":{"line":136,"column":14}},{"start":{"line":137,"column":10},"end":{"line":139,"column":17}}],"line":136},"8":{"loc":{"start":{"line":141,"column":9},"end":{"line":145,"column":9}},"type":"binary-expr","locations":[{"start":{"line":141,"column":9},"end":{"line":141,"column":35}},{"start":{"line":142,"column":10},"end":{"line":144,"column":17}}],"line":141}},"s":{"0":0,"1":0,"2":0,"3":0,"4":0,"5":0,"6":0,"7":0,"8":0,"9":0,"10":0,"11":0,"12":0,"13":0,"14":0,"15":0,"16":0,"17":0,"18":0},"f":{"0":0,"1":0,"2":0,"3":0,"4":0},"b":{"0":[0,0],"1":[0,0],"2":[0,0],"3":[0,0],"4":[0,0],"5":[0,0],"6":[0,0],"7":[0,0],"8":[0,0]}}
,"/Users/vintvgx/Desktop/bandit.studios/studio.code/RN/dpd.stats/src/components/SentryCardSkeleton.tsx": {"path":"/Users/vintvgx/Desktop/bandit.studios/studio.code/RN/dpd.stats/src/components/SentryCardSkeleton.tsx","statementMap":{"0":{"start":{"line":5,"column":23},"end":{"line":50,"column":1}},"1":{"start":{"line":6,"column":2},"end":{"line":49,"column":4}},"2":{"start":{"line":52,"column":15},"end":{"line":69,"column":2}}},"fnMap":{"0":{"name":"(anonymous_0)","decl":{"start":{"line":5,"column":23},"end":{"line":5,"column":24}},"loc":{"start":{"line":5,"column":29},"end":{"line":50,"column":1}},"line":5}},"branchMap":{},"s":{"0":0,"1":0,"2":0},"f":{"0":0},"b":{}}
,"/Users/vintvgx/Desktop/bandit.studios/studio.code/RN/dpd.stats/src/components/SentryDataFooter.tsx": {"path":"/Users/vintvgx/Desktop/bandit.studios/studio.code/RN/dpd.stats/src/components/SentryDataFooter.tsx","statementMap":{"0":{"start":{"line":10,"column":58},"end":{"line":50,"column":1}},"1":{"start":{"line":11,"column":43},"end":{"line":13,"column":3}},"2":{"start":{"line":12,"column":15},"end":{"line":12,"column":27}},"3":{"start":{"line":14,"column":18},"end":{"line":14,"column":62}},"4":{"start":{"line":14,"column":39},"end":{"line":14,"column":61}},"5":{"start":{"line":15,"column":17},"end":{"line":15,"column":38}},"6":{"start":{"line":16,"column":17},"end":{"line":16,"column":38}},"7":{"start":{"line":19,"column":31},"end":{"line":27,"column":11}},"8":{"start":{"line":29,"column":2},"end":{"line":49,"column":4}},"9":{"start":{"line":54,"column":15},"end":{"line":78,"column":2}}},"fnMap":{"0":{"name":"(anonymous_0)","decl":{"start":{"line":10,"column":58},"end":{"line":10,"column":59}},"loc":{"start":{"line":10,"column":79},"end":{"line":50,"column":1}},"line":10},"1":{"name":"(anonymous_1)","decl":{"start":{"line":12,"column":4},"end":{"line":12,"column":5}},"loc":{"start":{"line":12,"column":15},"end":{"line":12,"column":27}},"line":12},"2":{"name":"(anonymous_2)","decl":{"start":{"line":14,"column":32},"end":{"line":14,"column":33}},"loc":{"start":{"line":14,"column":39},"end":{"line":14,"column":61}},"line":14}},"branchMap":{"0":{"loc":{"start":{"line":15,"column":17},"end":{"line":15,"column":38}},"type":"binary-expr","locations":[{"start":{"line":15,"column":17},"end":{"line":15,"column":32}},{"start":{"line":15,"column":36},"end":{"line":15,"column":38}}],"line":15},"1":{"loc":{"start":{"line":16,"column":17},"end":{"line":16,"column":38}},"type":"binary-expr","locations":[{"start":{"line":16,"column":17},"end":{"line":16,"column":32}},{"start":{"line":16,"column":36},"end":{"line":16,"column":38}}],"line":16},"2":{"loc":{"start":{"line":19,"column":31},"end":{"line":27,"column":11}},"type":"cond-expr","locations":[{"start":{"line":20,"column":6},"end":{"line":26,"column":46}},{"start":{"line":27,"column":6},"end":{"line":27,"column":11}}],"line":19},"3":{"loc":{"start":{"line":42,"column":9},"end":{"line":46,"column":9}},"type":"cond-expr","locations":[{"start":{"line":43,"column":10},"end":{"line":43,"column":58}},{"start":{"line":45,"column":10},"end":{"line":45,"column":78}}],"line":42}},"s":{"0":0,"1":0,"2":0,"3":0,"4":0,"5":0,"6":0,"7":0,"8":0,"9":0},"f":{"0":0,"1":0,"2":0},"b":{"0":[0,0],"1":[0,0],"2":[0,0],"3":[0,0]}}
,"/Users/vintvgx/Desktop/bandit.studios/studio.code/RN/dpd.stats/src/components/SentryErrors.tsx": {"path":"/Users/vintvgx/Desktop/bandit.studios/studio.code/RN/dpd.stats/src/components/SentryErrors.tsx","statementMap":{"0":{"start":{"line":28,"column":60},"end":{"line":158,"column":1}},"1":{"start":{"line":31,"column":48},"end":{"line":31,"column":63}},"2":{"start":{"line":32,"column":46},"end":{"line":32,"column":73}},"3":{"start":{"line":33,"column":38},"end":{"line":33,"column":53}},"4":{"start":{"line":35,"column":17},"end":{"line":35,"column":23}},"5":{"start":{"line":37,"column":32},"end":{"line":37,"column":45}},"6":{"start":{"line":39,"column":50},"end":{"line":41,"column":3}},"7":{"start":{"line":40,"column":15},"end":{"line":40,"column":27}},"8":{"start":{"line":44,"column":18},"end":{"line":44,"column":62}},"9":{"start":{"line":44,"column":39},"end":{"line":44,"column":61}},"10":{"start":{"line":46,"column":17},"end":{"line":46,"column":38}},"11":{"start":{"line":48,"column":20},"end":{"line":58,"column":29}},"12":{"start":{"line":49,"column":4},"end":{"line":49,"column":24}},"13":{"start":{"line":52,"column":4},"end":{"line":57,"column":5}},"14":{"start":{"line":53,"column":6},"end":{"line":53,"column":47}},"15":{"start":{"line":54,"column":6},"end":{"line":56,"column":8}},"16":{"start":{"line":55,"column":8},"end":{"line":55,"column":28}},"17":{"start":{"line":60,"column":23},"end":{"line":67,"column":14}},"18":{"start":{"line":62,"column":4},"end":{"line":66,"column":7}},"19":{"start":{"line":63,"column":20},"end":{"line":63,"column":50}},"20":{"start":{"line":64,"column":20},"end":{"line":64,"column":50}},"21":{"start":{"line":65,"column":6},"end":{"line":65,"column":27}},"22":{"start":{"line":69,"column":2},"end":{"line":80,"column":6}},"23":{"start":{"line":70,"column":4},"end":{"line":80,"column":6}},"24":{"start":{"line":82,"column":2},"end":{"line":94,"column":3}},"25":{"start":{"line":83,"column":4},"end":{"line":93,"column":6}},"26":{"start":{"line":96,"column":2},"end":{"line":108,"column":3}},"27":{"start":{"line":97,"column":4},"end":{"line":107,"column":6}},"28":{"start":{"line":113,"column":2},"end":{"line":157,"column":4}},"29":{"start":{"line":129,"column":12},"end":{"line":141,"column":14}},"30":{"start":{"line":134,"column":16},"end":{"line":139,"column":18}},"31":{"start":{"line":154,"column":23},"end":{"line":154,"column":48}},"32":{"start":{"line":160,"column":15},"end":{"line":171,"column":2}}},"fnMap":{"0":{"name":"(anonymous_0)","decl":{"start":{"line":28,"column":60},"end":{"line":28,"column":61}},"loc":{"start":{"line":30,"column":6},"end":{"line":158,"column":1}},"line":30},"1":{"name":"(anonymous_1)","decl":{"start":{"line":40,"column":4},"end":{"line":40,"column":5}},"loc":{"start":{"line":40,"column":15},"end":{"line":40,"column":27}},"line":40},"2":{"name":"(anonymous_2)","decl":{"start":{"line":44,"column":32},"end":{"line":44,"column":33}},"loc":{"start":{"line":44,"column":39},"end":{"line":44,"column":61}},"line":44},"3":{"name":"(anonymous_3)","decl":{"start":{"line":48,"column":38},"end":{"line":48,"column":39}},"loc":{"start":{"line":48,"column":44},"end":{"line":58,"column":3}},"line":48},"4":{"name":"(anonymous_4)","decl":{"start":{"line":54,"column":54},"end":{"line":54,"column":55}},"loc":{"start":{"line":55,"column":8},"end":{"line":55,"column":28}},"line":55},"5":{"name":"(anonymous_5)","decl":{"start":{"line":60,"column":31},"end":{"line":60,"column":32}},"loc":{"start":{"line":60,"column":37},"end":{"line":67,"column":3}},"line":60},"6":{"name":"(anonymous_6)","decl":{"start":{"line":62,"column":28},"end":{"line":62,"column":29}},"loc":{"start":{"line":62,"column":38},"end":{"line":66,"column":5}},"line":62},"7":{"name":"(anonymous_7)","decl":{"start":{"line":128,"column":27},"end":{"line":128,"column":28}},"loc":{"start":{"line":129,"column":12},"end":{"line":141,"column":14}},"line":129},"8":{"name":"(anonymous_8)","decl":{"start":{"line":133,"column":23},"end":{"line":133,"column":24}},"loc":{"start":{"line":133,"column":29},"end":{"line":140,"column":15}},"line":133},"9":{"name":"(anonymous_9)","decl":{"start":{"line":154,"column":17},"end":{"line":154,"column":18}},"loc":{"start":{"line":154,"column":23},"end":{"line":154,"column":48}},"line":154}},"branchMap":{"0":{"loc":{"start":{"line":46,"column":17},"end":{"line":46,"column":38}},"type":"binary-expr","locations":[{"start":{"line":46,"column":17},"end":{"line":46,"column":32}},{"start":{"line":46,"column":36},"end":{"line":46,"column":38}}],"line":46},"1":{"loc":{"start":{"line":52,"column":4},"end":{"line":57,"column":5}},"type":"if","locations":[{"start":{"line":52,"column":4},"end":{"line":57,"column":5}},{"start":{},"end":{}}],"line":52},"2":{"loc":{"start":{"line":69,"column":2},"end":{"line":80,"column":6}},"type":"if","locations":[{"start":{"line":69,"column":2},"end":{"line":80,"column":6}},{"start":{},"end":{}}],"line":69},"3":{"loc":{"start":{"line":74,"column":27},"end":{"line":74,"column":65}},"type":"cond-expr","locations":[{"start":{"line":74,"column":47},"end":{"line":74,"column":56}},{"start":{"line":74,"column":59},"end":{"line":74,"column":65}}],"line":74},"4":{"loc":{"start":{"line":82,"column":2},"end":{"line":94,"column":3}},"type":"if","locations":[{"start":{"line":82,"column":2},"end":{"line":94,"column":3}},{"start":{},"end":{}}],"line":82},"5":{"loc":{"start":{"line":87,"column":27},"end":{"line":87,"column":65}},"type":"cond-expr","locations":[{"start":{"line":87,"column":47},"end":{"line":87,"column":56}},{"start":{"line":87,"column":59},"end":{"line":87,"column":65}}],"line":87},"6":{"loc":{"start":{"line":96,"column":2},"end":{"line":108,"column":3}},"type":"if","locations":[{"start":{"line":96,"column":2},"end":{"line":108,"column":3}},{"start":{},"end":{}}],"line":96},"7":{"loc":{"start":{"line":101,"column":27},"end":{"line":101,"column":65}},"type":"cond-expr","locations":[{"start":{"line":101,"column":47},"end":{"line":101,"column":56}},{"start":{"line":101,"column":59},"end":{"line":101,"column":65}}],"line":101},"8":{"loc":{"start":{"line":117,"column":25},"end":{"line":117,"column":63}},"type":"cond-expr","locations":[{"start":{"line":117,"column":45},"end":{"line":117,"column":54}},{"start":{"line":117,"column":57},"end":{"line":117,"column":63}}],"line":117},"9":{"loc":{"start":{"line":127,"column":9},"end":{"line":149,"column":9}},"type":"cond-expr","locations":[{"start":{"line":128,"column":10},"end":{"line":142,"column":12}},{"start":{"line":144,"column":10},"end":{"line":148,"column":17}}],"line":127},"10":{"loc":{"start":{"line":127,"column":9},"end":{"line":127,"column":48}},"type":"binary-expr","locations":[{"start":{"line":127,"column":9},"end":{"line":127,"column":21}},{"start":{"line":127,"column":25},"end":{"line":127,"column":48}}],"line":127},"11":{"loc":{"start":{"line":130,"column":19},"end":{"line":130,"column":36}},"type":"binary-expr","locations":[{"start":{"line":130,"column":19},"end":{"line":130,"column":27}},{"start":{"line":130,"column":31},"end":{"line":130,"column":36}}],"line":130}},"s":{"0":0,"1":0,"2":0,"3":0,"4":0,"5":0,"6":0,"7":0,"8":0,"9":0,"10":0,"11":0,"12":0,"13":0,"14":0,"15":0,"16":0,"17":0,"18":0,"19":0,"20":0,"21":0,"22":0,"23":0,"24":0,"25":0,"26":0,"27":0,"28":0,"29":0,"30":0,"31":0,"32":0},"f":{"0":0,"1":0,"2":0,"3":0,"4":0,"5":0,"6":0,"7":0,"8":0,"9":0},"b":{"0":[0,0],"1":[0,0],"2":[0,0],"3":[0,0],"4":[0,0],"5":[0,0],"6":[0,0],"7":[0,0],"8":[0,0],"9":[0,0],"10":[0,0],"11":[0,0]}}
,"/Users/vintvgx/Desktop/bandit.studios/studio.code/RN/dpd.stats/src/components/SentryIssues.tsx": {"path":"/Users/vintvgx/Desktop/bandit.studios/studio.code/RN/dpd.stats/src/components/SentryIssues.tsx","statementMap":{"0":{"start":{"line":28,"column":60},"end":{"line":153,"column":1}},"1":{"start":{"line":31,"column":32},"end":{"line":31,"column":45}},"2":{"start":{"line":33,"column":17},"end":{"line":33,"column":23}},"3":{"start":{"line":34,"column":48},"end":{"line":34,"column":63}},"4":{"start":{"line":35,"column":46},"end":{"line":35,"column":73}},"5":{"start":{"line":36,"column":38},"end":{"line":36,"column":53}},"6":{"start":{"line":38,"column":50},"end":{"line":40,"column":3}},"7":{"start":{"line":39,"column":15},"end":{"line":39,"column":27}},"8":{"start":{"line":42,"column":18},"end":{"line":42,"column":62}},"9":{"start":{"line":42,"column":39},"end":{"line":42,"column":61}},"10":{"start":{"line":44,"column":15},"end":{"line":44,"column":36}},"11":{"start":{"line":46,"column":20},"end":{"line":55,"column":29}},"12":{"start":{"line":47,"column":4},"end":{"line":47,"column":24}},"13":{"start":{"line":49,"column":4},"end":{"line":54,"column":5}},"14":{"start":{"line":50,"column":6},"end":{"line":50,"column":47}},"15":{"start":{"line":51,"column":6},"end":{"line":53,"column":8}},"16":{"start":{"line":52,"column":8},"end":{"line":52,"column":28}},"17":{"start":{"line":57,"column":23},"end":{"line":64,"column":14}},"18":{"start":{"line":59,"column":4},"end":{"line":63,"column":7}},"19":{"start":{"line":60,"column":20},"end":{"line":60,"column":50}},"20":{"start":{"line":61,"column":20},"end":{"line":61,"column":50}},"21":{"start":{"line":62,"column":6},"end":{"line":62,"column":27}},"22":{"start":{"line":66,"column":2},"end":{"line":111,"column":3}},"23":{"start":{"line":67,"column":4},"end":{"line":110,"column":5}},"24":{"start":{"line":68,"column":6},"end":{"line":76,"column":8}},"25":{"start":{"line":77,"column":11},"end":{"line":110,"column":5}},"26":{"start":{"line":79,"column":6},"end":{"line":87,"column":8}},"27":{"start":{"line":88,"column":11},"end":{"line":110,"column":5}},"28":{"start":{"line":90,"column":6},"end":{"line":98,"column":8}},"29":{"start":{"line":99,"column":11},"end":{"line":110,"column":5}},"30":{"start":{"line":101,"column":6},"end":{"line":109,"column":8}},"31":{"start":{"line":113,"column":2},"end":{"line":152,"column":4}},"32":{"start":{"line":131,"column":12},"end":{"line":143,"column":14}},"33":{"start":{"line":136,"column":16},"end":{"line":141,"column":17}},"34":{"start":{"line":149,"column":23},"end":{"line":149,"column":48}},"35":{"start":{"line":155,"column":15},"end":{"line":166,"column":2}}},"fnMap":{"0":{"name":"(anonymous_0)","decl":{"start":{"line":28,"column":60},"end":{"line":28,"column":61}},"loc":{"start":{"line":30,"column":6},"end":{"li
[...]
/utils/throttleRequest.ts": {"path":"/Users/vintvgx/Desktop/bandit.studios/studio.code/RN/dpd.stats/src/utils/throttleRequest.ts","statementMap":{"0":{"start":{"line":3,"column":51},"end":{"line":3,"column":53}},"1":{"start":{"line":6,"column":34},"end":{"line":6,"column":39}},"2":{"start":{"line":9,"column":4},"end":{"line":9,"column":57}},"3":{"start":{"line":10,"column":4},"end":{"line":10,"column":29}},"4":{"start":{"line":13,"column":15},"end":{"line":16,"column":3}},"5":{"start":{"line":14,"column":4},"end":{"line":14,"column":32}},"6":{"start":{"line":15,"column":4},"end":{"line":15,"column":24}},"7":{"start":{"line":18,"column":17},"end":{"line":29,"column":3}},"8":{"start":{"line":19,"column":4},"end":{"line":19,"column":34}},"9":{"start":{"line":19,"column":27},"end":{"line":19,"column":34}},"10":{"start":{"line":20,"column":4},"end":{"line":20,"column":29}},"11":{"start":{"line":22,"column":21},"end":{"line":22,"column":78}},"12":{"start":{"line":23,"column":4},"end":{"line":28,"column":7}},"13":{"start":{"line":23,"column":37},"end":{"line":23,"column":41}},"14":{"start":{"line":24,"column":6},"end":{"line":27,"column":24}},"15":{"start":{"line":25,"column":8},"end":{"line":25,"column":34}},"16":{"start":{"line":26,"column":8},"end":{"line":26,"column":63}},"17":{"start":{"line":26,"column":43},"end":{"line":26,"column":63}},"18":{"start":{"line":33,"column":31},"end":{"line":33,"column":52}}},"fnMap":{"0":{"name":"(anonymous_0)","decl":{"start":{"line":8,"column":2},"end":{"line":8,"column":3}},"loc":{"start":{"line":8,"column":75},"end":{"line":11,"column":3}},"line":8},"1":{"name":"(anonymous_1)","decl":{"start":{"line":13,"column":15},"end":{"line":13,"column":16}},"loc":{"start":{"line":13,"column":44},"end":{"line":16,"column":3}},"line":13},"2":{"name":"(anonymous_2)","decl":{"start":{"line":18,"column":17},"end":{"line":18,"column":18}},"loc":{"start":{"line":18,"column":23},"end":{"line":29,"column":3}},"line":18},"3":{"name":"(anonymous_3)","decl":{"start":{"line":23,"column":29},"end":{"line":23,"column":30}},"loc":{"start":{"line":23,"column":37},"end":{"line":23,"column":41}},"line":23},"4":{"name":"(anonymous_4)","decl":{"start":{"line":23,"column":49},"end":{"line":23,"column":50}},"loc":{"start":{"line":23,"column":55},"end":{"line":28,"column":5}},"line":23},"5":{"name":"(anonymous_5)","decl":{"start":{"line":24,"column":17},"end":{"line":24,"column":18}},"loc":{"start":{"line":24,"column":23},"end":{"line":27,"column":7}},"line":24}},"branchMap":{"0":{"loc":{"start":{"line":8,"column":14},"end":{"line":8,"column":48}},"type":"default-arg","locations":[{"start":{"line":8,"column":47},"end":{"line":8,"column":48}}],"line":8},"1":{"loc":{"start":{"line":8,"column":50},"end":{"line":8,"column":73}},"type":"default-arg","locations":[{"start":{"line":8,"column":69},"end":{"line":8,"column":73}}],"line":8},"2":{"loc":{"start":{"line":19,"column":4},"end":{"line":19,"column":34}},"type":"if","locations":[{"start":{"line":19,"column":4},"end":{"line":19,"column":34}},{"start":{},"end":{}}],"line":19},"3":{"loc":{"start":{"line":26,"column":8},"end":{"line":26,"column":63}},"type":"if","locations":[{"start":{"line":26,"column":8},"end":{"line":26,"column":63}},{"start":{},"end":{}}],"line":26}},"s":{"0":0,"1":0,"2":0,"3":0,"4":0,"5":0,"6":0,"7":0,"8":0,"9":0,"10":0,"11":0,"12":0,"13":0,"14":0,"15":0,"16":0,"17":0,"18":0},"f":{"0":0,"1":0,"2":0,"3":0,"4":0,"5":0},"b":{"0":[0],"1":[0],"2":[0,0],"3":[0,0]}}
,"/Users/vintvgx/Desktop/bandit.studios/studio.code/RN/dpd.stats/src/view/Home.tsx": {"path":"/Users/vintvgx/Desktop/bandit.studios/studio.code/RN/dpd.stats/src/view/Home.tsx","statementMap":{"0":{"start":{"line":39,"column":13},"end":{"line":163,"column":1}},"1":{"start":{"line":41,"column":17},"end":{"line":41,"column":23}},"2":{"start":{"line":42,"column":26},"end":{"line":42,"column":61}},"3":{"start":{"line":44,"column":32},"end":{"line":44,"column":45}},"4":{"start":{"line":46,"column":4},"end":{"line":46,"column":66}},"5":{"start":{"line":47,"column":40},"end":{"line":47,"column":79}},"6":{"start":{"line":47,"column":66},"end":{"line":47,"column":78}},"7":{"start":{"line":48,"column":28},"end":{"line":48,"column":69}},"8":{"start":{"line":48,"column":54},"end":{"line":48,"column":68}},"9":{"start":{"line":49,"column":56},"end":{"line":49,"column":71}},"10":{"start":{"line":51,"column":2},"end":{"line":79,"column":29}},"11":{"start":{"line":52,"column":4},"end":{"line":54,"column":7}},"12":{"start":{"line":53,"column":6},"end":{"line":53,"column":79}},"13":{"start":{"line":56,"column":25},"end":{"line":75,"column":5}},"14":{"start":{"line":58,"column":25},"end":{"line":58,"column":62}},"15":{"start":{"line":60,"column":8},"end":{"line":63,"column":9}},"16":{"start":{"line":62,"column":10},"end":{"line":62,"column":50}},"17":{"start":{"line":65,"column":8},"end":{"line":68,"column":10}},"18":{"start":{"line":70,"column":8},"end":{"line":73,"column":11}},"19":{"start":{"line":78,"column":4},"end":{"line":78,"column":39}},"20":{"start":{"line":78,"column":17},"end":{"line":78,"column":38}},"21":{"start":{"line":81,"column":20},"end":{"line":83,"column":3}},"22":{"start":{"line":82,"column":4},"end":{"line":82,"column":30}},"23":{"start":{"line":85,"column":27},"end":{"line":117,"column":3}},"24":{"start":{"line":86,"column":4},"end":{"line":86,"column":40}},"25":{"start":{"line":87,"column":4},"end":{"line":87,"column":51}},"26":{"start":{"line":88,"column":20},"end":{"line":98,"column":5}},"27":{"start":{"line":99,"column":4},"end":{"line":99,"column":45}},"28":{"start":{"line":100,"column":4},"end":{"line":116,"column":5}},"29":{"start":{"line":101,"column":6},"end":{"line":112,"column":11}},"30":{"start":{"line":110,"column":10},"end":{"line":110,"column":50}},"31":{"start":{"line":111,"column":10},"end":{"line":111,"column":71}},"32":{"start":{"line":114,"column":6},"end":{"line":114,"column":64}},"33":{"start":{"line":115,"column":6},"end":{"line":115,"column":35}},"34":{"start":{"line":119,"column":2},"end":{"line":162,"column":4}},"35":{"start":{"line":124,"column":25},"end":{"line":124,"column":74}},"36":{"start":{"line":124,"column":63},"end":{"line":124,"column":73}},"37":{"start":{"line":139,"column":27},"end":{"line":139,"column":74}},"38":{"start":{"line":142,"column":14},"end":{"line":150,"column":16}},"39":{"start":{"line":146,"column":18},"end":{"line":148,"column":20}},"40":{"start":{"line":167,"column":15},"end":{"line":176,"column":2}}},"fnMap":{"0":{"name":"(anonymous_0)","decl":{"start":{"line":39,"column":13},"end":{"line":39,"column":14}},"loc":{"start":{"line":39,"column":19},"end":{"line":163,"column":1}},"line":39},"1":{"name":"(anonymous_1)","decl":{"start":{"line":47,"column":55},"end":{"line":47,"column":56}},"loc":{"start":{"line":47,"column":66},"end":{"line":47,"column":78}},"line":47},"2":{"name":"(anonymous_2)","decl":{"start":{"line":48,"column":43},"end":{"line":48,"column":44}},"loc":{"start":{"line":48,"column":54},"end":{"line":48,"column":68}},"line":48},"3":{"name":"(anonymous_3)","decl":{"start":{"line":51,"column":12},"end":{"line":51,"column":13}},"loc":{"start":{"line":51,"column":18},"end":{"line":79,"column":3}},"line":51},"4":{"name":"(anonymous_4)","decl":{"start":{"line":52,"column":36},"end":{"line":52,"column":37}},"loc":{"start":{"line":52,"column":47},"end":{"line":54,"column":5}},"line":52},"5":{"name":"(anonymous_5)","decl":{"start":{"line":57,"column":6},"end":{"line":57,"column":7}},"loc":{"start":{"line":57,"column":20},"end":{"line":74,"column":7}},"line":57},"6":{"name":"(anonymous_6)","decl":{"start":{"line":78,"column":11},"end":{"line":78,"column":12}},"loc":{"start":{"line":78,"column":17},"end":{"line":78,"column":38}},"line":78},"7":{"name":"(anonymous_7)","decl":{"start":{"line":81,"column":20},"end":{"line":81,"column":21}},"loc":{"start":{"line":81,"column":26},"end":{"line":83,"column":3}},"line":81},"8":{"name":"(anonymous_8)","decl":{"start":{"line":85,"column":27},"end":{"line":85,"column":28}},"loc":{"start":{"line":85,"column":39},"end":{"line":117,"column":3}},"line":85},"9":{"name":"(anonymous_9)","decl":{"start":{"line":109,"column":14},"end":{"line":109,"column":15}},"loc":{"start":{"line":109,"column":28},"end":{"line":112,"column":9}},"line":109},"10":{"name":"(anonymous_10)","decl":{"start":{"line":124,"column":19},"end":{"line":124,"column":20}},"loc":{"start":{"line":124,"column":25},"end":{"line":124,"column":74}},"line":124},"11":{"name":"(anonymous_11)","decl":{"start":{"line":124,"column":48},"end":{"line":124,"column":49}},"loc":{"start":{"line":124,"column":63},"end":{"line":124,"column":73}},"line":124},"12":{"name":"(anonymous_12)","decl":{"start":{"line":139,"column":14},"end":{"line":139,"column":15}},"loc":{"start":{"line":139,"column":27},"end":{"line":139,"column":74}},"line":139},"13":{"name":"(anonymous_13)","decl":{"start":{"line":141,"column":17},"end":{"line":141,"column":18}},"loc":{"start":{"line":142,"column":14},"end":{"line":150,"column":16}},"line":142},"14":{"name":"(anonymous_14)","decl":{"start":{"line":145,"column":25},"end":{"line":145,"column":26}},"loc":{"start":{"line":146,"column":18},"end":{"line":148,"column":20}},"line":146}},"branchMap":{"0":{"loc":{"start":{"line":42,"column":26},"end":{"line":42,"column":61}},"type":"cond-expr","locations":[{"start":{"line":42,"column":46},"end":{"line":42,"column":52}},{"start":{"line":42,"column":55},"end":{"line":42,"column":61}}],"line":42},"1":{"loc":{"start":{"line":60,"column":8},"end":{"line":63,"column":9}},"type":"if","locations":[{"start":{"line":60,"column":8},"end":{"line":63,"column":9}},{"start":{},"end":{}}],"line":60},"2":{"loc":{"start":{"line":122,"column":26},"end":{"line":122,"column":62}},"type":"cond-expr","locations":[{"start":{"line":122,"column":46},"end":{"line":122,"column":53}},{"start":{"line":122,"column":56},"end":{"line":122,"column":62}}],"line":122},"3":{"loc":{"start":{"line":139,"column":27},"end":{"line":139,"column":74}},"type":"binary-expr","locations":[{"start":{"line":139,"column":27},"end":{"line":139,"column":51}},{"start":{"line":139,"column":55},"end":{"line":139,"column":74}}],"line":139},"4":{"loc":{"start":{"line":154,"column":9},"end":{"line":159,"column":9}},"type":"binary-expr","locations":[{"start":{"line":154,"column":9},"end":{"line":154,"column":28}},{"start":{"line":155,"column":10},"end":{"line":158,"column":17}}],"line":154}},"s":{"0":0,"1":0,"2":0,"3":0,"4":0,"5":0,"6":0,"7":0,"8":0,"9":0,"10":0,"11":0,"12":0,"13":0,"14":0,"15":0,"16":0,"17":0,"18":0,"19":0,"20":0,"21":0,"22":0,"23":0,"24":0,"25":0,"26":0,"27":0,"28":0,"29":0,"30":0,"31":0,"32":0,"33":0,"34":0,"35":0,"36":0,"37":0,"38":0,"39":0,"40":0},"f":{"0":0,"1":0,"2":0,"3":0,"4":0,"5":0,"6":0,"7":0,"8":0,"9":0,"10":0,"11":0,"12":0,"13":0,"14":0},"b":{"0":[0,0],"1":[0,0],"2":[0,0],"3":[0,0],"4":[0,0]}}
,"/Users/vintvgx/Desktop/bandit.studios/studio.code/RN/dpd.stats/src/view/Map.tsx": {"path":"/Users/vintvgx/Desktop/bandit.studios/studio.code/RN/dpd.stats/src/view/Map.tsx","statementMap":{"0":{"start":{"line":13,"column":12},"end":{"line":73,"column":1}},"1":{"start":{"line":14,"column":25},"end":{"line":19,"column":3}},"2":{"start":{"line":22,"column":17},"end":{"line":22,"column":23}},"3":{"start":{"line":23,"column":23},"end":{"line":23,"column":62}},"4":{"start":{"line":23,"column":49},"end":{"line":23,"column":61}},"5":{"start":{"line":24,"column":32},"end":{"line":24,"column":45}},"6":{"start":{"line":25,"column":42},"end":{"line":25,"column":57}},"7":{"start":{"line":26,"column":44},"end":{"line":26,"column":77}},"8":{"start":{"line":28,"column":2},"end":{"line":33,"column":9}},"9":{"start":{"line":30,"column":4},"end":{"line":32,"column":7}},"10":{"start":{"line":31,"column":6},"end":{"line":31,"column":60}},"11":{"start":{"line":35,"column":28},"end":{"line":38,"column":3}},"12":{"start":{"line":36,"column":4},"end":{"line":36,"column":28}},"13":{"start":{"line":37,"column":4},"end":{"line":37,"column":26}},"14":{"start":{"line":40,"column":2},"end":{"line":72,"column":4}},"15":{"start":{"line":49,"column":10},"end":{"line":63,"column":11}},"16":{"start":{"line":50,"column":12},"end":{"line":62,"column":13}},"17":{"start":{"line":51,"column":14},"end":{"line":61,"column":22}},"18":{"start":{"line":59,"column":33},"end":{"line":59,"column":57}},"19":{"start":{"line":68,"column":23},"end":{"line":68,"column":45}},"20":{"start":{"line":77,"column":15},"end":{"line":82,"column":2}}},"fnMap":{"0":{"name":"(anonymous_0)","decl":{"start":{"line":13,"column":12},"end":{"line":13,"column":13}},"loc":{"start":{"line":13,"column":18},"end":{"line":73,"column":1}},"line":13},"1":{"name":"(anonymous_1)","decl":{"start":{"line":23,"column":38},"end":{"line":23,"column":39}},"loc":{"start":{"line":23,"column":49},"end":{"line":23,"column":61}},"line":23},"2":{"name":"(anonymous_2)","decl":{"start":{"line":28,"column":12},"end":{"line":28,"column":13}},"loc":{"start":{"line":28,"column":18},"end":{"line":33,"column":3}},"line":28},"3":{"name":"(anonymous_3)","decl":{"start":{"line":30,"column":21},"end":{"line":30,"column":22}},"loc":{"start":{"line":30,"column":34},"end":{"line":32,"column":5}},"line":30},"4":{"name":"(anonymous_4)","decl":{"start":{"line":35,"column":28},"end":{"line":35,"column":29}},"loc":{"start":{"line":35,"column":51},"end":{"line":38,"column":3}},"line":35},"5":{"name":"(anonymous_5)","decl":{"start":{"line":48,"column":22},"end":{"line":48,"column":23}},"loc":{"start":{"line":49,"column":10},"end":{"line":63,"column":11}},"line":49},"6":{"name":"(anonymous_6)","decl":{"start":{"line":49,"column":29},"end":{"line":49,"column":30}},"loc":{"start":{"line":50,"column":12},"end":{"line":62,"column":13}},"line":50},"7":{"name":"(anonymous_7)","decl":{"start":{"line":50,"column":31},"end":{"line":50,"column":32}},"loc":{"start":{"line":51,"column":14},"end":{"line":61,"column":22}},"line":51},"8":{"name":"(anonymous_8)","decl":{"start":{"line":59,"column":27},"end":{"line":59,"column":28}},"loc":{"start":{"line":59,"column":33},"end":{"line":59,"column":57}},"line":59},"9":{"name":"(anonymous_9)","decl":{"start":{"line":68,"column":17},"end":{"line":68,"column":18}},"loc":{"start":{"line":68,"column":23},"end":{"line":68,"column":45}},"line":68}},"branchMap":{"0":{"loc":{"start":{"line":42,"column":24},"end":{"line":42,"column":60}},"type":"cond-expr","locations":[{"start":{"line":42,"column":44},"end":{"line":42,"column":51}},{"start":{"line":42,"column":54},"end":{"line":42,"column":60}}],"line":42},"1":{"loc":{"start":{"line":51,"column":14},"end":{"line":61,"column":22}},"type":"cond-expr","locations":[{"start":{"line":52,"column":16},"end":{"line":60,"column":18}},{"start":{"line":61,"column":18},"end":{"line":61,"column":22}}],"line":51}},"s":{"0":0,"1":0,"2":0,"3":0,"4":0,"5":0,"6":0,"7":0,"8":0,"9":0,"10":0,"11":0,"12":0,"13":0,"14":0,"15":0,"16":0,"17":0,"18":0,"19":0,"20":0},"f":{"0":0,"1":0,"2":0,"3":0,"4":0,"5":0,"6":0,"7":0,"8":0,"9":0},"b":{"0":[0,0],"1":[0,0]}}
,"/Users/vintvgx/Desktop/bandit.studios/studio.code/RN/dpd.stats/src/view/ProjectMonitoring.tsx": {"path":"/Users/vintvgx/Desktop/bandit.studios/studio.code/RN/dpd.stats/src/view/ProjectMonitoring.tsx","statementMap":{"0":{"start":{"line":34,"column":12},"end":{"line":34,"column":43}},"1":{"start":{"line":36,"column":30},"end":{"line":110,"column":1}},"2":{"start":{"line":38,"column":17},"end":{"line":38,"column":23}},"3":{"start":{"line":39,"column":32},"end":{"line":39,"column":44}},"4":{"start":{"line":40,"column":32},"end":{"line":40,"column":71}},"5":{"start":{"line":40,"column":58},"end":{"line":40,"column":70}},"6":{"start":{"line":42,"column":18},"end":{"line":42,"column":62}},"7":{"start":{"line":42,"column":39},"end":{"line":42,"column":61}},"8":{"start":{"line":44,"column":22},"end":{"line":44,"column":63}},"9":{"start":{"line":45,"column":22},"end":{"line":45,"column":63}},"10":{"start":{"line":47,"column":32},"end":{"line":47,"column":45}},"11":{"start":{"line":49,"column":4},"end":{"line":49,"column":66}},"12":{"start":{"line":51,"column":48},"end":{"line":51,"column":72}},"13":{"start":{"line":68,"column":2},"end":{"line":73,"column":24}},"14":{"start":{"line":69,"column":4},"end":{"line":72,"column":5}},"15":{"start":{"line":70,"column":6},"end":{"line":70,"column":62}},"16":{"start":{"line":71,"column":6},"end":{"line":71,"column":55}},"17":{"start":{"line":75,"column":2},"end":{"line":109,"column":4}},"18":{"start":{"line":87,"column":25},"end":{"line":87,"column":44}},"19":{"start":{"line":112,"column":15},"end":{"line":170,"column":2}}},"fnMap":{"0":{"name":"(anonymous_0)","decl":{"start":{"line":36,"column":30},"end":{"line":36,"column":31}},"loc":{"start":{"line":36,"column":61},"end":{"line":110,"column":1}},"line":36},"1":{"name":"(anonymous_1)","decl":{"start":{"line":40,"column":47},"end":{"line":40,"column":48}},"loc":{"start":{"line":40,"column":58},"end":{"line":40,"column":70}},"line":40},"2":{"name":"(anonymous_2)","decl":{"start":{"line":42,"column":32},"end":{"line":42,"column":33}},"loc":{"start":{"line":42,"column":39},"end":{"line":42,"column":61}},"line":42},"3":{"name":"(anonymous_3)","decl":{"start":{"line":68,"column":12},"end":{"line":68,"column":13}},"loc":{"start":{"line":68,"column":18},"end":{"line":73,"column":3}},"line":68},"4":{"name":"(anonymous_4)","decl":{"start":{"line":87,"column":19},"end":{"line":87,"column":20}},"loc":{"start":{"line":87,"column":25},"end":{"line":87,"column":44}},"line":87}},"branchMap":{"0":{"loc":{"start":{"line":44,"column":33},"end":{"line":44,"column":60}},"type":"binary-expr","locations":[{"start":{"line":44,"column":33},"end":{"line":44,"column":55}},{"start":{"line":44,"column":59},"end":{"line":44,"column":60}}],"line":44},"1":{"loc":{"start":{"line":45,"column":33},"end":{"line":45,"column":60}},"type":"binary-expr","locations":[{"start":{"line":45,"column":33},"end":{"line":45,"column":55}},{"start":{"line":45,"column":59},"end":{"line":45,"column":60}}],"line":45},"2":{"loc":{"start":{"line":69,"column":4},"end":{"line":72,"column":5}},"type":"if","locations":[{"start":{"line":69,"column":4},"end":{"line":72,"column":5}},{"start":{},"end":{}}],"line":69},"3":{"loc":{"start":{"line":69,"column":8},"end":{"line":69,"column":34}},"type":"binary-expr","locations":[{"start":{"line":69,"column":8},"end":{"line":69,"column":15}},{"start":{"line":69,"column":19},"end":{"line":69,"column":34}}],"line":69},"4":{"loc":{"start":{"line":78,"column":25},"end":{"line":78,"column":66}},"type":"cond-expr","locations":[{"start":{"line":78,"column":45},"end":{"line":78,"column":54}},{"start":{"line":78,"column":57},"end":{"line":78,"column":66}}],"line":78},"5":{"loc":{"start":{"line":84,"column":29},"end":{"line":84,"column":67}},"type":"cond-expr","locations":[{"start":{"line":84,"column":49},"end":{"line":84,"column":58}},{"start":{"line":84,"column":61},"end":{"line":84,"column":67}}],"line":84},"6":{"loc":{"start":{"line":92,"column":19},"end":{"line":92,"column":54}},"type":"cond-expr","locations":[{"start":{"line":92,"column":39},"end":{"line":92,"column":45}},{"start":{"line":92,"column":48},"end":{"line":92,"column":54}}],"line":92},"7":{"loc":{"start":{"line":98,"column":21},"end":{"line":98,"column":62}},"type":"cond-expr","locations":[{"start":{"line":98,"column":41},"end":{"line":98,"column":50}},{"start":{"line":98,"column":53},"end":{"line":98,"column":62}}],"line":98}},"s":{"0":0,"1":0,"2":0,"3":0,"4":0,"5":0,"6":0,"7":0,"8":0,"9":0,"10":0,"11":0,"12":0,"13":0,"14":0,"15":0,"16":0,"17":0,"18":0,"19":0},"f":{"0":0,"1":0,"2":0,"3":0,"4":0},"b":{"0":[0,0],"1":[0,0],"2":[0,0],"3":[0,0],"4":[0,0],"5":[0,0],"6":[0,0],"7":[0,0]}}
,"/Users/vintvgx/Desktop/bandit.studios/studio.code/RN/dpd.stats/types/env.d.ts": {"path":"/Users/vintvgx/Desktop/bandit.studios/studio.code/RN/dpd.stats/types/env.d.ts","statementMap":{},"fnMap":{},"branchMap":{},"s":{},"f":{},"b":{}}
}
